#
# There is insufficient memory for the Java Runtime Environment to continue.
# Native memory allocation (malloc) failed to allocate 1328256 bytes for Chunk::new
# Possible reasons:
#   The system is out of physical RAM or swap space
#   The process is running with CompressedOops enabled, and the Java Heap may be blocking the growth of the native heap
# Possible solutions:
#   Reduce memory load on the system
#   Increase physical memory or swap space
#   Check if swap backing store is full
#   Decrease Java heap size (-Xmx/-Xms)
#   Decrease number of Java threads
#   Decrease Java thread stack sizes (-Xss)
#   Set larger code cache with -XX:ReservedCodeCacheSize=
#   JVM is running with Unscaled Compressed Oops mode in which the Java heap is
#     placed in the first 4GB address space. The Java Heap base address is the
#     maximum limit for the native heap growth. Please use -XX:HeapBaseMinAddress
#     to set the Java Heap base and to place the Java Heap above 4GB virtual address.
# This output file may be truncated or incomplete.
#
#  Out of Memory Error (./src/hotspot/share/memory/arena.cpp:197), pid=12724, tid=8300
#
# JRE version: OpenJDK Runtime Environment (11.0.10) (build 11.0.10+0-b96-7249189)
# Java VM: OpenJDK 64-Bit Server VM (11.0.10+0-b96-7249189, mixed mode, tiered, compressed oops, g1 gc, windows-amd64)
# No core dump will be written. Minidumps are not enabled by default on client versions of Windows
#

---------------  S U M M A R Y ------------

Command Line: -XX:MaxMetaspaceSize=512m --add-opens=java.base/java.util=ALL-UNNAMED --add-opens=java.base/java.lang=ALL-UNNAMED --add-opens=java.base/java.lang.invoke=ALL-UNNAMED --add-opens=java.base/java.util=ALL-UNNAMED --add-opens=java.prefs/java.util.prefs=ALL-UNNAMED --add-opens=java.prefs/java.util.prefs=ALL-UNNAMED --add-opens=java.base/java.nio.charset=ALL-UNNAMED --add-opens=java.base/java.net=ALL-UNNAMED --add-opens=java.base/java.util.concurrent.atomic=ALL-UNNAMED -Xmx2048m -Dfile.encoding=windows-1252 -Duser.country=US -Duser.language=en -Duser.variant org.gradle.launcher.daemon.bootstrap.GradleDaemon 7.3.3

Host: Intel(R) Core(TM) i7-6600U CPU @ 2.60GHz, 4 cores, 7G,  Windows 10 , 64 bit Build 19041 (10.0.19041.1706)
Time: Wed Jun  1 23:24:51 2022 SE Asia Standard Time elapsed time: 71.984600 seconds (0d 0h 1m 11s)

---------------  T H R E A D  ---------------

Current thread (0x000001aafed6b800):  JavaThread "C2 CompilerThread0" daemon [_thread_in_native, id=8300, stack(0x0000009c9ac00000,0x0000009c9ad00000)]


Current CompileTask:
C2:  71984 12769 %     4       org.gradle.internal.instantiation.generator.AbstractClassGenerator::inspectType @ 77 (560 bytes)

Stack: [0x0000009c9ac00000,0x0000009c9ad00000]
Native frames: (J=compiled Java code, j=interpreted, Vv=VM code, C=native code)
V  [jvm.dll+0x5ecfaa]
V  [jvm.dll+0x722bd5]
V  [jvm.dll+0x72412d]
V  [jvm.dll+0x7247e3]
V  [jvm.dll+0x242928]
V  [jvm.dll+0xbc4fc]
V  [jvm.dll+0xbca0c]
V  [jvm.dll+0x2b4fd4]
V  [jvm.dll+0x506028]
V  [jvm.dll+0x203253]
V  [jvm.dll+0x1fd07c]
V  [jvm.dll+0x1fa77f]
V  [jvm.dll+0x18354c]
V  [jvm.dll+0x208ee7]
V  [jvm.dll+0x207731]
V  [jvm.dll+0x6eb1cf]
V  [jvm.dll+0x6e3d45]
V  [jvm.dll+0x5ebe96]
C  [ucrtbase.dll+0x21bb2]
C  [KERNEL32.DLL+0x17034]
C  [ntdll.dll+0x52651]


---------------  P R O C E S S  ---------------

Threads class SMR info:
_java_thread_list=0x000001aa85b8d9f0, length=83, elements={
0x000001aae721c800, 0x000001aafed3d000, 0x000001aafed41000, 0x000001aafed5d000,
0x000001aafed61000, 0x000001aafed62800, 0x000001aafed6b800, 0x000001aafed6d000,
0x000001aafed6e800, 0x000001aaff83d000, 0x000001aa86f5f800, 0x000001aa849f4000,
0x000001aa84c19800, 0x000001aa8615c800, 0x000001aa8551b800, 0x000001aa85376000,
0x000001aa84c39800, 0x000001aa867d7000, 0x000001aa87193000, 0x000001aa8718e800,
0x000001aa87194000, 0x000001aa8718f000, 0x000001aa87195000, 0x000001aa87190000,
0x000001aa87191000, 0x000001aa87191800, 0x000001aa878e4800, 0x000001aa878e5800,
0x000001aa878e7000, 0x000001aa878e6000, 0x000001aa878e8800, 0x000001aa878e8000,
0x000001aa878e3000, 0x000001aa878e3800, 0x000001aa878ef000, 0x000001aa878f0000,
0x000001aa878ea000, 0x000001aa878f1000, 0x000001aa878ec800, 0x000001aa878eb000,
0x000001aa878f1800, 0x000001aa878ec000, 0x000001aa878ed800, 0x000001aa847e7000,
0x000001aa847e1800, 0x000001aa847e8000, 0x000001aa847e4800, 0x000001aa847e5800,
0x000001aa847e4000, 0x000001aa847e2000, 0x000001aa847e6800, 0x000001aa847e9000,
0x000001aa847e3000, 0x000001aa847ec000, 0x000001aa847ee800, 0x000001aa847ed800,
0x000001aa847ed000, 0x000001aa847ef800, 0x000001aa847e9800, 0x000001aa847eb000,
0x000001aa847f0000, 0x000001aa847ea800, 0x000001aa891a6000, 0x000001aa891a7800,
0x000001aa891aa000, 0x000001aa891a5000, 0x000001aa891a9000, 0x000001aa891a4800,
0x000001aa891ab000, 0x000001aa891ab800, 0x000001aa891ac800, 0x000001aa891a6800,
0x000001aa891ae000, 0x000001aa891ad800, 0x000001aa891af000, 0x000001aa891b0800,
0x000001aa891af800, 0x000001aa891b1800, 0x000001aa84317000, 0x000001aa8431a000,
0x000001aa84319800, 0x000001aa84317800, 0x000001aa8431b000
}

Java Threads: ( => current thread )
  0x000001aae721c800 JavaThread "main" [_thread_blocked, id=9500, stack(0x0000009c9a000000,0x0000009c9a100000)]
  0x000001aafed3d000 JavaThread "Reference Handler" daemon [_thread_blocked, id=12356, stack(0x0000009c9a700000,0x0000009c9a800000)]
  0x000001aafed41000 JavaThread "Finalizer" daemon [_thread_blocked, id=7804, stack(0x0000009c9a800000,0x0000009c9a900000)]
  0x000001aafed5d000 JavaThread "Signal Dispatcher" daemon [_thread_blocked, id=7436, stack(0x0000009c9a900000,0x0000009c9aa00000)]
  0x000001aafed61000 JavaThread "Attach Listener" daemon [_thread_blocked, id=9968, stack(0x0000009c9aa00000,0x0000009c9ab00000)]
  0x000001aafed62800 JavaThread "Service Thread" daemon [_thread_blocked, id=12796, stack(0x0000009c9ab00000,0x0000009c9ac00000)]
=>0x000001aafed6b800 JavaThread "C2 CompilerThread0" daemon [_thread_in_native, id=8300, stack(0x0000009c9ac00000,0x0000009c9ad00000)]
  0x000001aafed6d000 JavaThread "C1 CompilerThread0" daemon [_thread_blocked, id=6996, stack(0x0000009c9ad00000,0x0000009c9ae00000)]
  0x000001aafed6e800 JavaThread "Sweeper thread" daemon [_thread_blocked, id=6324, stack(0x0000009c9ae00000,0x0000009c9af00000)]
  0x000001aaff83d000 JavaThread "Common-Cleaner" daemon [_thread_blocked, id=13220, stack(0x0000009c9af00000,0x0000009c9b000000)]
  0x000001aa86f5f800 JavaThread "Daemon health stats" [_thread_blocked, id=10336, stack(0x0000009c9b400000,0x0000009c9b500000)]
  0x000001aa849f4000 JavaThread "Incoming local TCP Connector on port 56461" [_thread_in_native, id=4796, stack(0x0000009c9b300000,0x0000009c9b400000)]
  0x000001aa84c19800 JavaThread "Daemon periodic checks" [_thread_blocked, id=10548, stack(0x0000009c9b500000,0x0000009c9b600000)]
  0x000001aa8615c800 JavaThread "Daemon" [_thread_blocked, id=8012, stack(0x0000009c9b600000,0x0000009c9b700000)]
  0x000001aa8551b800 JavaThread "Handler for socket connection from /127.0.0.1:56461 to /127.0.0.1:56462" [_thread_in_native, id=1100, stack(0x0000009c9b700000,0x0000009c9b800000)]
  0x000001aa85376000 JavaThread "Cancel handler" [_thread_blocked, id=7784, stack(0x0000009c9b800000,0x0000009c9b900000)]
  0x000001aa84c39800 JavaThread "Daemon worker" [_thread_in_Java, id=8376, stack(0x0000009c9b900000,0x0000009c9ba00000)]
  0x000001aa867d7000 JavaThread "Asynchronous log dispatcher for DefaultDaemonConnection: socket connection from /127.0.0.1:56461 to /127.0.0.1:56462" [_thread_blocked, id=1268, stack(0x0000009c9ba00000,0x0000009c9bb00000)]
  0x000001aa87193000 JavaThread "Daemon client event forwarder" [_thread_blocked, id=10180, stack(0x0000009c9bc00000,0x0000009c9bd00000)]
  0x000001aa8718e800 JavaThread "Cache worker for journal cache (C:\Users\chamsoclaptop.vn\.gradle\caches\journal-1)" [_thread_blocked, id=9136, stack(0x0000009c9be00000,0x0000009c9bf00000)]
  0x000001aa87194000 JavaThread "File lock request listener" [_thread_in_native, id=9244, stack(0x0000009c9bf00000,0x0000009c9c000000)]
  0x000001aa8718f000 JavaThread "Cache worker for file hash cache (C:\Users\chamsoclaptop.vn\.gradle\caches\7.3.3\fileHashes)" [_thread_blocked, id=7056, stack(0x0000009c9c000000,0x0000009c9c100000)]
  0x000001aa87195000 JavaThread "Cache worker for file hash cache (C:\Users\chamsoclaptop.vn\SmartShop\android\.gradle\7.3.3\fileHashes)" [_thread_blocked, id=7356, stack(0x0000009c9c100000,0x0000009c9c200000)]
  0x000001aa87190000 JavaThread "File watcher server" daemon [_thread_in_native, id=12464, stack(0x0000009c9c200000,0x0000009c9c300000)]
  0x000001aa87191000 JavaThread "File watcher consumer" daemon [_thread_blocked, id=1908, stack(0x0000009c9c300000,0x0000009c9c400000)]
  0x000001aa87191800 JavaThread "jar transforms" [_thread_blocked, id=2688, stack(0x0000009c9c400000,0x0000009c9c500000)]
  0x000001aa878e4800 JavaThread "jar transforms Thread 2" [_thread_blocked, id=9376, stack(0x0000009c9c500000,0x0000009c9c600000)]
  0x000001aa878e5800 JavaThread "jar transforms Thread 3" [_thread_blocked, id=124, stack(0x0000009c9c600000,0x0000009c9c700000)]
  0x000001aa878e7000 JavaThread "jar transforms Thread 4" [_thread_blocked, id=8544, stack(0x0000009c9c700000,0x0000009c9c800000)]
  0x000001aa878e6000 JavaThread "Cache worker for checksums cache (C:\Users\chamsoclaptop.vn\SmartShop\android\.gradle\7.3.3\checksums)" [_thread_blocked, id=11668, stack(0x0000009c9c800000,0x0000009c9c900000)]
  0x000001aa878e8800 JavaThread "Cache worker for cache directory md-supplier (C:\Users\chamsoclaptop.vn\.gradle\caches\7.3.3\md-supplier)" [_thread_blocked, id=7324, stack(0x0000009c9c900000,0x0000009c9ca00000)]
  0x000001aa878e8000 JavaThread "Cache worker for cache directory md-rule (C:\Users\chamsoclaptop.vn\.gradle\caches\7.3.3\md-rule)" [_thread_blocked, id=8744, stack(0x0000009c9ca00000,0x0000009c9cb00000)]
  0x000001aa878e3000 JavaThread "Cache worker for execution history cache (C:\Users\chamsoclaptop.vn\.gradle\caches\7.3.3\executionHistory)" [_thread_blocked, id=2428, stack(0x0000009c9cb00000,0x0000009c9cc00000)]
  0x000001aa878e3800 JavaThread "Cache worker for file content cache (C:\Users\chamsoclaptop.vn\.gradle\caches\7.3.3\fileContent)" [_thread_blocked, id=10960, stack(0x0000009c9cc00000,0x0000009c9cd00000)]
  0x000001aa878ef000 JavaThread "Cache worker for kotlin-dsl (C:\Users\chamsoclaptop.vn\.gradle\caches\7.3.3\kotlin-dsl)" [_thread_blocked, id=7824, stack(0x0000009c9cd00000,0x0000009c9ce00000)]
  0x000001aa878f0000 JavaThread "Cache worker for dependencies-accessors (C:\Users\chamsoclaptop.vn\SmartShop\android\.gradle\7.3.3\dependencies-accessors)" [_thread_blocked, id=2676, stack(0x0000009c9ce00000,0x0000009c9cf00000)]
  0x000001aa878ea000 JavaThread "Cache worker for Build Output Cleanup Cache (C:\Users\chamsoclaptop.vn\SmartShop\android\.gradle\buildOutputCleanup)" [_thread_blocked, id=7996, stack(0x0000009c9cf00000,0x0000009c9d000000)]
  0x000001aa878f1000 JavaThread "Cache worker for Build Output Cleanup Cache (C:\Users\chamsoclaptop.vn\SmartShop\node_modules\react-native-gradle-plugin\.gradle\buildOutputCleanup)" [_thread_blocked, id=9648, stack(0x0000009c9d000000,0x0000009c9d100000)]
  0x000001aa878ec800 JavaThread "Unconstrained build operations" [_thread_blocked, id=3756, stack(0x0000009c9d100000,0x0000009c9d200000)]
  0x000001aa878eb000 JavaThread "Unconstrained build operations Thread 2" [_thread_blocked, id=7728, stack(0x0000009c9d200000,0x0000009c9d300000)]
  0x000001aa878f1800 JavaThread "Unconstrained build operations Thread 3" [_thread_blocked, id=4788, stack(0x0000009c9d300000,0x0000009c9d400000)]
  0x000001aa878ec000 JavaThread "Unconstrained build operations Thread 4" [_thread_blocked, id=7572, stack(0x0000009c9d400000,0x0000009c9d500000)]
  0x000001aa878ed800 JavaThread "Unconstrained build operations Thread 5" [_thread_blocked, id=7364, stack(0x0000009c9d500000,0x0000009c9d600000)]
  0x000001aa847e7000 JavaThread "Unconstrained build operations Thread 6" [_thread_blocked, id=10744, stack(0x0000009c9d600000,0x0000009c9d700000)]
  0x000001aa847e1800 JavaThread "Unconstrained build operations Thread 7" [_thread_blocked, id=13192, stack(0x0000009c9d700000,0x0000009c9d800000)]
  0x000001aa847e8000 JavaThread "Unconstrained build operations Thread 8" [_thread_blocked, id=5624, stack(0x0000009c9d800000,0x0000009c9d900000)]
  0x000001aa847e4800 JavaThread "Unconstrained build operations Thread 9" [_thread_blocked, id=4024, stack(0x0000009c9d900000,0x0000009c9da00000)]
  0x000001aa847e5800 JavaThread "Unconstrained build operations Thread 10" [_thread_blocked, id=6400, stack(0x0000009c9da00000,0x0000009c9db00000)]
  0x000001aa847e4000 JavaThread "Unconstrained build operations Thread 11" [_thread_blocked, id=3592, stack(0x0000009c9db00000,0x0000009c9dc00000)]
  0x000001aa847e2000 JavaThread "Unconstrained build operations Thread 12" [_thread_blocked, id=13196, stack(0x0000009c9dc00000,0x0000009c9dd00000)]
  0x000001aa847e6800 JavaThread "Unconstrained build operations Thread 13" [_thread_blocked, id=3388, stack(0x0000009c9dd00000,0x0000009c9de00000)]
  0x000001aa847e9000 JavaThread "Unconstrained build operations Thread 14" [_thread_blocked, id=6008, stack(0x0000009c9de00000,0x0000009c9df00000)]
  0x000001aa847e3000 JavaThread "Unconstrained build operations Thread 15" [_thread_blocked, id=9440, stack(0x0000009c9df00000,0x0000009c9e000000)]
  0x000001aa847ec000 JavaThread "Unconstrained build operations Thread 16" [_thread_blocked, id=8556, stack(0x0000009c9e000000,0x0000009c9e100000)]
  0x000001aa847ee800 JavaThread "Unconstrained build operations Thread 17" [_thread_blocked, id=3400, stack(0x0000009c9e100000,0x0000009c9e200000)]
  0x000001aa847ed800 JavaThread "Unconstrained build operations Thread 18" [_thread_blocked, id=32, stack(0x0000009c9e200000,0x0000009c9e300000)]
  0x000001aa847ed000 JavaThread "Unconstrained build operations Thread 19" [_thread_blocked, id=13216, stack(0x0000009c9e300000,0x0000009c9e400000)]
  0x000001aa847ef800 JavaThread "Unconstrained build operations Thread 20" [_thread_blocked, id=6192, stack(0x0000009c9e400000,0x0000009c9e500000)]
  0x000001aa847e9800 JavaThread "Unconstrained build operations Thread 21" [_thread_blocked, id=2524, stack(0x0000009c9e500000,0x0000009c9e600000)]
  0x000001aa847eb000 JavaThread "Unconstrained build operations Thread 22" [_thread_blocked, id=4568, stack(0x0000009c9e600000,0x0000009c9e700000)]
  0x000001aa847f0000 JavaThread "Unconstrained build operations Thread 23" [_thread_blocked, id=10324, stack(0x0000009c9e700000,0x0000009c9e800000)]
  0x000001aa847ea800 JavaThread "Unconstrained build operations Thread 24" [_thread_blocked, id=11408, stack(0x0000009c9e800000,0x0000009c9e900000)]
  0x000001aa891a6000 JavaThread "Unconstrained build operations Thread 25" [_thread_blocked, id=7908, stack(0x0000009c9e900000,0x0000009c9ea00000)]
  0x000001aa891a7800 JavaThread "Unconstrained build operations Thread 26" [_thread_blocked, id=1936, stack(0x0000009c9ea00000,0x0000009c9eb00000)]
  0x000001aa891aa000 JavaThread "Unconstrained build operations Thread 27" [_thread_blocked, id=7040, stack(0x0000009c9eb00000,0x0000009c9ec00000)]
  0x000001aa891a5000 JavaThread "Unconstrained build operations Thread 28" [_thread_blocked, id=4636, stack(0x0000009c9ec00000,0x0000009c9ed00000)]
  0x000001aa891a9000 JavaThread "Unconstrained build operations Thread 29" [_thread_blocked, id=6908, stack(0x0000009c9ed00000,0x0000009c9ee00000)]
  0x000001aa891a4800 JavaThread "Unconstrained build operations Thread 30" [_thread_blocked, id=9488, stack(0x0000009c9ee00000,0x0000009c9ef00000)]
  0x000001aa891ab000 JavaThread "Unconstrained build operations Thread 31" [_thread_blocked, id=12036, stack(0x0000009c9ef00000,0x0000009c9f000000)]
  0x000001aa891ab800 JavaThread "Unconstrained build operations Thread 32" [_thread_blocked, id=4424, stack(0x0000009c9f000000,0x0000009c9f100000)]
  0x000001aa891ac800 JavaThread "Unconstrained build operations Thread 33" [_thread_blocked, id=7604, stack(0x0000009c9f100000,0x0000009c9f200000)]
  0x000001aa891a6800 JavaThread "build event listener" [_thread_blocked, id=7720, stack(0x0000009c9f400000,0x0000009c9f500000)]
  0x000001aa891ae000 JavaThread "Memory manager" [_thread_blocked, id=7896, stack(0x0000009c9f500000,0x0000009c9f600000)]
  0x000001aa891ad800 JavaThread "included builds" [_thread_blocked, id=12388, stack(0x0000009c9f600000,0x0000009c9f700000)]
  0x000001aa891af000 JavaThread "Cache worker for execution history cache (C:\Users\chamsoclaptop.vn\SmartShop\node_modules\react-native-gradle-plugin\.gradle\7.3.3\executionHistory)" [_thread_blocked, id=6420, stack(0x0000009c9fa00000,0x0000009c9fb00000)]
  0x000001aa891b0800 JavaThread "Unconstrained build operations Thread 34" [_thread_blocked, id=2656, stack(0x0000009c9fb00000,0x0000009c9fc00000)]
  0x000001aa891af800 JavaThread "Unconstrained build operations Thread 35" [_thread_blocked, id=10220, stack(0x0000009c9fc00000,0x0000009c9fd00000)]
  0x000001aa891b1800 JavaThread "Unconstrained build operations Thread 36" [_thread_blocked, id=8684, stack(0x0000009c9fd00000,0x0000009c9fe00000)]
  0x000001aa84317000 JavaThread "Unconstrained build operations Thread 37" [_thread_blocked, id=3256, stack(0x0000009c9fe00000,0x0000009c9ff00000)]
  0x000001aa8431a000 JavaThread "Unconstrained build operations Thread 38" [_thread_blocked, id=11296, stack(0x0000009c9ff00000,0x0000009ca0000000)]
  0x000001aa84319800 JavaThread "Unconstrained build operations Thread 39" [_thread_blocked, id=1236, stack(0x0000009ca0000000,0x0000009ca0100000)]
  0x000001aa84317800 JavaThread "Unconstrained build operations Thread 40" [_thread_blocked, id=2352, stack(0x0000009ca0100000,0x0000009ca0200000)]
  0x000001aa8431b000 JavaThread "build event listener" [_thread_blocked, id=3908, stack(0x0000009c99d00000,0x0000009c99e00000)]

Other Threads:
  0x000001aafed3b000 VMThread "VM Thread" [stack: 0x0000009c9a600000,0x0000009c9a700000] [id=5576]
  0x000001aaff87f000 WatcherThread [stack: 0x0000009c9b000000,0x0000009c9b100000] [id=3408]
  0x000001aae7236000 GCTaskThread "GC Thread#0" [stack: 0x0000009c9a100000,0x0000009c9a200000] [id=9580]
  0x000001aaff760000 GCTaskThread "GC Thread#1" [stack: 0x0000009c9b100000,0x0000009c9b200000] [id=11472]
  0x000001aaff761000 GCTaskThread "GC Thread#2" [stack: 0x0000009c9b200000,0x0000009c9b300000] [id=4444]
  0x000001aaff75c000 GCTaskThread "GC Thread#3" [stack: 0x0000009c9bd00000,0x0000009c9be00000] [id=8152]
  0x000001aae7266800 ConcurrentGCThread "G1 Main Marker" [stack: 0x0000009c9a200000,0x0000009c9a300000] [id=12428]
  0x000001aae7269000 ConcurrentGCThread "G1 Conc#0" [stack: 0x0000009c9a300000,0x0000009c9a400000] [id=9180]
  0x000001aae72f9800 ConcurrentGCThread "G1 Refine#0" [stack: 0x0000009c9a400000,0x0000009c9a500000] [id=2856]
  0x000001aae72fa800 ConcurrentGCThread "G1 Young RemSet Sampling" [stack: 0x0000009c9a500000,0x0000009c9a600000] [id=13108]

Threads with active compile tasks:
C2 CompilerThread0  72054 12769 %     4       org.gradle.internal.instantiation.generator.AbstractClassGenerator::inspectType @ 77 (560 bytes)

VM state:not at safepoint (normal execution)

VM Mutex/Monitor currently owned by a thread: None

Heap address: 0x0000000080000000, size: 2048 MB, Compressed Oops mode: 32-bit
Narrow klass base: 0x0000000000000000, Narrow klass shift: 3
Compressed class space size: 528482304 Address: 0x0000000100000000

Heap:
 garbage-first heap   total 227328K, used 172931K [0x0000000080000000, 0x0000000100000000)
  region size 1024K, 8 young (8192K), 1 survivors (1024K)
 Metaspace       used 103192K, capacity 108280K, committed 108504K, reserved 610304K
  class space    used 13610K, capacity 15320K, committed 15360K, reserved 516096K
Heap Regions: E=young(eden), S=young(survivor), O=old, HS=humongous(starts), HC=humongous(continues), CS=collection set, F=free, A=archive, TAMS=top-at-mark-start (previous, next)
|   0|0x0000000080000000, 0x0000000080100000, 0x0000000080100000|100%|HS|  |TAMS 0x0000000080100000, 0x0000000080100000| Complete 
|   1|0x0000000080100000, 0x0000000080200000, 0x0000000080200000|100%|HC|  |TAMS 0x0000000080200000, 0x0000000080200000| Complete 
|   2|0x0000000080200000, 0x0000000080300000, 0x0000000080300000|100%|HC|  |TAMS 0x0000000080300000, 0x0000000080300000| Complete 
|   3|0x0000000080300000, 0x0000000080400000, 0x0000000080400000|100%| O|  |TAMS 0x0000000080400000, 0x0000000080400000| Untracked 
|   4|0x0000000080400000, 0x0000000080500000, 0x0000000080500000|100%| O|  |TAMS 0x0000000080500000, 0x0000000080500000| Untracked 
|   5|0x0000000080500000, 0x0000000080600000, 0x0000000080600000|100%| O|  |TAMS 0x0000000080600000, 0x0000000080600000| Untracked 
|   6|0x0000000080600000, 0x0000000080700000, 0x0000000080700000|100%| O|  |TAMS 0x0000000080700000, 0x0000000080700000| Untracked 
|   7|0x0000000080700000, 0x0000000080800000, 0x0000000080800000|100%| O|  |TAMS 0x0000000080800000, 0x0000000080800000| Untracked 
|   8|0x0000000080800000, 0x0000000080900000, 0x0000000080900000|100%| O|  |TAMS 0x0000000080900000, 0x0000000080900000| Untracked 
|   9|0x0000000080900000, 0x0000000080a00000, 0x0000000080a00000|100%| O|  |TAMS 0x0000000080a00000, 0x0000000080a00000| Untracked 
|  10|0x0000000080a00000, 0x0000000080b00000, 0x0000000080b00000|100%| O|  |TAMS 0x0000000080b00000, 0x0000000080b00000| Untracked 
|  11|0x0000000080b00000, 0x0000000080c00000, 0x0000000080c00000|100%| O|  |TAMS 0x0000000080c00000, 0x0000000080c00000| Untracked 
|  12|0x0000000080c00000, 0x0000000080d00000, 0x0000000080d00000|100%| O|  |TAMS 0x0000000080d00000, 0x0000000080d00000| Untracked 
|  13|0x0000000080d00000, 0x0000000080e00000, 0x0000000080e00000|100%| O|  |TAMS 0x0000000080e00000, 0x0000000080e00000| Untracked 
|  14|0x0000000080e00000, 0x0000000080f00000, 0x0000000080f00000|100%| O|  |TAMS 0x0000000080f00000, 0x0000000080f00000| Untracked 
|  15|0x0000000080f00000, 0x0000000081000000, 0x0000000081000000|100%| O|  |TAMS 0x0000000081000000, 0x0000000081000000| Untracked 
|  16|0x0000000081000000, 0x0000000081100000, 0x0000000081100000|100%| O|  |TAMS 0x0000000081100000, 0x0000000081100000| Untracked 
|  17|0x0000000081100000, 0x0000000081200000, 0x0000000081200000|100%|HS|  |TAMS 0x0000000081200000, 0x0000000081200000| Complete 
|  18|0x0000000081200000, 0x0000000081300000, 0x0000000081300000|100%|HC|  |TAMS 0x0000000081300000, 0x0000000081300000| Complete 
|  19|0x0000000081300000, 0x0000000081400000, 0x0000000081400000|100%|HS|  |TAMS 0x0000000081400000, 0x0000000081400000| Complete 
|  20|0x0000000081400000, 0x0000000081500000, 0x0000000081500000|100%|HC|  |TAMS 0x0000000081500000, 0x0000000081500000| Complete 
|  21|0x0000000081500000, 0x0000000081600000, 0x0000000081600000|100%|HC|  |TAMS 0x0000000081600000, 0x0000000081600000| Complete 
|  22|0x0000000081600000, 0x0000000081700000, 0x0000000081700000|100%|HS|  |TAMS 0x0000000081700000, 0x0000000081700000| Complete 
|  23|0x0000000081700000, 0x0000000081800000, 0x0000000081800000|100%|HC|  |TAMS 0x0000000081800000, 0x0000000081800000| Complete 
|  24|0x0000000081800000, 0x0000000081900000, 0x0000000081900000|100%|HC|  |TAMS 0x0000000081900000, 0x0000000081900000| Complete 
|  25|0x0000000081900000, 0x0000000081a00000, 0x0000000081a00000|100%|HC|  |TAMS 0x0000000081a00000, 0x0000000081a00000| Complete 
|  26|0x0000000081a00000, 0x0000000081b00000, 0x0000000081b00000|100%|HC|  |TAMS 0x0000000081b00000, 0x0000000081b00000| Complete 
|  27|0x0000000081b00000, 0x0000000081c00000, 0x0000000081c00000|100%| O|  |TAMS 0x0000000081c00000, 0x0000000081c00000| Untracked 
|  28|0x0000000081c00000, 0x0000000081d00000, 0x0000000081d00000|100%| O|  |TAMS 0x0000000081d00000, 0x0000000081d00000| Untracked 
|  29|0x0000000081d00000, 0x0000000081e00000, 0x0000000081e00000|100%| O|  |TAMS 0x0000000081e00000, 0x0000000081e00000| Untracked 
|  30|0x0000000081e00000, 0x0000000081f00000, 0x0000000081f00000|100%|HS|  |TAMS 0x0000000081f00000, 0x0000000081f00000| Complete 
|  31|0x0000000081f00000, 0x0000000082000000, 0x0000000082000000|100%|HC|  |TAMS 0x0000000082000000, 0x0000000082000000| Complete 
|  32|0x0000000082000000, 0x0000000082100000, 0x0000000082100000|100%|HC|  |TAMS 0x0000000082100000, 0x0000000082100000| Complete 
|  33|0x0000000082100000, 0x0000000082200000, 0x0000000082200000|100%| O|  |TAMS 0x0000000082200000, 0x0000000082200000| Untracked 
|  34|0x0000000082200000, 0x0000000082300000, 0x0000000082300000|100%| O|  |TAMS 0x0000000082300000, 0x0000000082300000| Untracked 
|  35|0x0000000082300000, 0x0000000082400000, 0x0000000082400000|100%| O|  |TAMS 0x0000000082400000, 0x0000000082400000| Untracked 
|  36|0x0000000082400000, 0x0000000082500000, 0x0000000082500000|100%| O|  |TAMS 0x0000000082500000, 0x0000000082500000| Untracked 
|  37|0x0000000082500000, 0x0000000082600000, 0x0000000082600000|100%| O|  |TAMS 0x0000000082600000, 0x0000000082600000| Untracked 
|  38|0x0000000082600000, 0x0000000082700000, 0x0000000082700000|100%|HS|  |TAMS 0x0000000082700000, 0x0000000082700000| Complete 
|  39|0x0000000082700000, 0x0000000082800000, 0x0000000082800000|100%|HC|  |TAMS 0x0000000082800000, 0x0000000082800000| Complete 
|  40|0x0000000082800000, 0x0000000082900000, 0x0000000082900000|100%|HC|  |TAMS 0x0000000082900000, 0x0000000082900000| Complete 
|  41|0x0000000082900000, 0x0000000082a00000, 0x0000000082a00000|100%|HC|  |TAMS 0x0000000082a00000, 0x0000000082a00000| Complete 
|  42|0x0000000082a00000, 0x0000000082b00000, 0x0000000082b00000|100%|HC|  |TAMS 0x0000000082b00000, 0x0000000082b00000| Complete 
|  43|0x0000000082b00000, 0x0000000082c00000, 0x0000000082c00000|100%| O|  |TAMS 0x0000000082c00000, 0x0000000082c00000| Untracked 
|  44|0x0000000082c00000, 0x0000000082d00000, 0x0000000082d00000|100%| O|  |TAMS 0x0000000082d00000, 0x0000000082d00000| Untracked 
|  45|0x0000000082d00000, 0x0000000082e00000, 0x0000000082e00000|100%| O|  |TAMS 0x0000000082e00000, 0x0000000082e00000| Untracked 
|  46|0x0000000082e00000, 0x0000000082f00000, 0x0000000082f00000|100%| O|  |TAMS 0x0000000082f00000, 0x0000000082f00000| Untracked 
|  47|0x0000000082f00000, 0x0000000083000000, 0x0000000083000000|100%| O|  |TAMS 0x0000000083000000, 0x0000000083000000| Untracked 
|  48|0x0000000083000000, 0x0000000083100000, 0x0000000083100000|100%| O|  |TAMS 0x0000000083100000, 0x0000000083100000| Untracked 
|  49|0x0000000083100000, 0x0000000083200000, 0x0000000083200000|100%|HS|  |TAMS 0x0000000083200000, 0x0000000083200000| Complete 
|  50|0x0000000083200000, 0x0000000083300000, 0x0000000083300000|100%|HS|  |TAMS 0x0000000083300000, 0x0000000083300000| Complete 
|  51|0x0000000083300000, 0x0000000083400000, 0x0000000083400000|100%|HC|  |TAMS 0x0000000083400000, 0x0000000083400000| Complete 
|  52|0x0000000083400000, 0x0000000083500000, 0x0000000083500000|100%|HC|  |TAMS 0x0000000083500000, 0x0000000083500000| Complete 
|  53|0x0000000083500000, 0x0000000083600000, 0x0000000083600000|100%| O|  |TAMS 0x0000000083600000, 0x0000000083600000| Untracked 
|  54|0x0000000083600000, 0x0000000083700000, 0x0000000083700000|100%| O|  |TAMS 0x0000000083700000, 0x0000000083700000| Untracked 
|  55|0x0000000083700000, 0x0000000083800000, 0x0000000083800000|100%| O|  |TAMS 0x0000000083800000, 0x0000000083800000| Untracked 
|  56|0x0000000083800000, 0x0000000083900000, 0x0000000083900000|100%| O|  |TAMS 0x0000000083900000, 0x0000000083900000| Untracked 
|  57|0x0000000083900000, 0x0000000083a00000, 0x0000000083a00000|100%| O|  |TAMS 0x0000000083a00000, 0x0000000083a00000| Untracked 
|  58|0x0000000083a00000, 0x0000000083b00000, 0x0000000083b00000|100%| O|  |TAMS 0x0000000083b00000, 0x0000000083b00000| Untracked 
|  59|0x0000000083b00000, 0x0000000083c00000, 0x0000000083c00000|100%| O|  |TAMS 0x0000000083c00000, 0x0000000083c00000| Untracked 
|  60|0x0000000083c00000, 0x0000000083d00000, 0x0000000083d00000|100%| O|  |TAMS 0x0000000083d00000, 0x0000000083d00000| Untracked 
|  61|0x0000000083d00000, 0x0000000083e00000, 0x0000000083e00000|100%| O|  |TAMS 0x0000000083e00000, 0x0000000083e00000| Untracked 
|  62|0x0000000083e00000, 0x0000000083f00000, 0x0000000083f00000|100%| O|  |TAMS 0x0000000083f00000, 0x0000000083f00000| Untracked 
|  63|0x0000000083f00000, 0x0000000084000000, 0x0000000084000000|100%| O|  |TAMS 0x0000000084000000, 0x0000000084000000| Untracked 
|  64|0x0000000084000000, 0x0000000084100000, 0x0000000084100000|100%| O|  |TAMS 0x0000000084100000, 0x0000000084100000| Untracked 
|  65|0x0000000084100000, 0x0000000084200000, 0x0000000084200000|100%| O|  |TAMS 0x0000000084200000, 0x0000000084200000| Untracked 
|  66|0x0000000084200000, 0x0000000084300000, 0x0000000084300000|100%| O|  |TAMS 0x0000000084300000, 0x0000000084300000| Untracked 
|  67|0x0000000084300000, 0x0000000084400000, 0x0000000084400000|100%| O|  |TAMS 0x0000000084400000, 0x0000000084400000| Untracked 
|  68|0x0000000084400000, 0x0000000084500000, 0x0000000084500000|100%| O|  |TAMS 0x0000000084500000, 0x0000000084500000| Untracked 
|  69|0x0000000084500000, 0x0000000084600000, 0x0000000084600000|100%| O|  |TAMS 0x0000000084600000, 0x0000000084600000| Untracked 
|  70|0x0000000084600000, 0x0000000084700000, 0x0000000084700000|100%|HS|  |TAMS 0x0000000084700000, 0x0000000084700000| Complete 
|  71|0x0000000084700000, 0x0000000084800000, 0x0000000084800000|100%|HS|  |TAMS 0x0000000084800000, 0x0000000084800000| Complete 
|  72|0x0000000084800000, 0x0000000084900000, 0x0000000084900000|100%|HS|  |TAMS 0x0000000084900000, 0x0000000084900000| Complete 
|  73|0x0000000084900000, 0x0000000084a00000, 0x0000000084a00000|100%|HC|  |TAMS 0x0000000084a00000, 0x0000000084a00000| Complete 
|  74|0x0000000084a00000, 0x0000000084b00000, 0x0000000084b00000|100%| O|  |TAMS 0x0000000084b00000, 0x0000000084b00000| Untracked 
|  75|0x0000000084b00000, 0x0000000084c00000, 0x0000000084c00000|100%| O|  |TAMS 0x0000000084c00000, 0x0000000084c00000| Untracked 
|  76|0x0000000084c00000, 0x0000000084d00000, 0x0000000084d00000|100%| O|  |TAMS 0x0000000084d00000, 0x0000000084d00000| Untracked 
|  77|0x0000000084d00000, 0x0000000084e00000, 0x0000000084e00000|100%| O|  |TAMS 0x0000000084e00000, 0x0000000084e00000| Untracked 
|  78|0x0000000084e00000, 0x0000000084f00000, 0x0000000084f00000|100%| O|  |TAMS 0x0000000084f00000, 0x0000000084f00000| Untracked 
|  79|0x0000000084f00000, 0x0000000085000000, 0x0000000085000000|100%| O|  |TAMS 0x0000000085000000, 0x0000000085000000| Untracked 
|  80|0x0000000085000000, 0x0000000085100000, 0x0000000085100000|100%| O|  |TAMS 0x0000000085100000, 0x0000000085100000| Untracked 
|  81|0x0000000085100000, 0x0000000085200000, 0x0000000085200000|100%| O|  |TAMS 0x0000000085200000, 0x0000000085200000| Untracked 
|  82|0x0000000085200000, 0x0000000085300000, 0x0000000085300000|100%| O|  |TAMS 0x0000000085300000, 0x0000000085300000| Untracked 
|  83|0x0000000085300000, 0x0000000085400000, 0x0000000085400000|100%| O|  |TAMS 0x0000000085400000, 0x0000000085400000| Untracked 
|  84|0x0000000085400000, 0x0000000085500000, 0x0000000085500000|100%| O|  |TAMS 0x0000000085500000, 0x0000000085500000| Untracked 
|  85|0x0000000085500000, 0x0000000085600000, 0x0000000085600000|100%| O|  |TAMS 0x0000000085600000, 0x0000000085600000| Untracked 
|  86|0x0000000085600000, 0x0000000085700000, 0x0000000085700000|100%| O|  |TAMS 0x0000000085700000, 0x0000000085700000| Untracked 
|  87|0x0000000085700000, 0x0000000085800000, 0x0000000085800000|100%| O|  |TAMS 0x0000000085800000, 0x0000000085800000| Untracked 
|  88|0x0000000085800000, 0x0000000085900000, 0x0000000085900000|100%| O|  |TAMS 0x0000000085900000, 0x0000000085900000| Untracked 
|  89|0x0000000085900000, 0x0000000085a00000, 0x0000000085a00000|100%| O|  |TAMS 0x0000000085a00000, 0x0000000085a00000| Untracked 
|  90|0x0000000085a00000, 0x0000000085b00000, 0x0000000085b00000|100%| O|  |TAMS 0x0000000085b00000, 0x0000000085b00000| Untracked 
|  91|0x0000000085b00000, 0x0000000085c00000, 0x0000000085c00000|100%| O|  |TAMS 0x0000000085c00000, 0x0000000085c00000| Untracked 
|  92|0x0000000085c00000, 0x0000000085d00000, 0x0000000085d00000|100%| O|  |TAMS 0x0000000085d00000, 0x0000000085d00000| Untracked 
|  93|0x0000000085d00000, 0x0000000085e00000, 0x0000000085e00000|100%| O|  |TAMS 0x0000000085e00000, 0x0000000085e00000| Untracked 
|  94|0x0000000085e00000, 0x0000000085f00000, 0x0000000085f00000|100%| O|  |TAMS 0x0000000085f00000, 0x0000000085f00000| Untracked 
|  95|0x0000000085f00000, 0x0000000086000000, 0x0000000086000000|100%| O|  |TAMS 0x0000000086000000, 0x0000000086000000| Untracked 
|  96|0x0000000086000000, 0x0000000086100000, 0x0000000086100000|100%| O|  |TAMS 0x0000000086100000, 0x0000000086100000| Untracked 
|  97|0x0000000086100000, 0x0000000086200000, 0x0000000086200000|100%| O|  |TAMS 0x0000000086200000, 0x0000000086200000| Untracked 
|  98|0x0000000086200000, 0x0000000086300000, 0x0000000086300000|100%| O|  |TAMS 0x0000000086300000, 0x0000000086300000| Untracked 
|  99|0x0000000086300000, 0x0000000086400000, 0x0000000086400000|100%| O|  |TAMS 0x0000000086400000, 0x0000000086400000| Untracked 
| 100|0x0000000086400000, 0x0000000086500000, 0x0000000086500000|100%| O|  |TAMS 0x0000000086500000, 0x0000000086500000| Untracked 
| 101|0x0000000086500000, 0x0000000086600000, 0x0000000086600000|100%| O|  |TAMS 0x0000000086600000, 0x0000000086600000| Untracked 
| 102|0x0000000086600000, 0x0000000086700000, 0x0000000086700000|100%| O|  |TAMS 0x0000000086700000, 0x0000000086700000| Untracked 
| 103|0x0000000086700000, 0x0000000086800000, 0x0000000086800000|100%| O|  |TAMS 0x0000000086800000, 0x0000000086800000| Untracked 
| 104|0x0000000086800000, 0x0000000086900000, 0x0000000086900000|100%| O|  |TAMS 0x0000000086900000, 0x0000000086900000| Untracked 
| 105|0x0000000086900000, 0x0000000086a00000, 0x0000000086a00000|100%| O|  |TAMS 0x0000000086a00000, 0x0000000086a00000| Untracked 
| 106|0x0000000086a00000, 0x0000000086b00000, 0x0000000086b00000|100%| O|  |TAMS 0x0000000086b00000, 0x0000000086b00000| Untracked 
| 107|0x0000000086b00000, 0x0000000086c00000, 0x0000000086c00000|100%| O|  |TAMS 0x0000000086c00000, 0x0000000086c00000| Untracked 
| 108|0x0000000086c00000, 0x0000000086d00000, 0x0000000086d00000|100%| O|  |TAMS 0x0000000086d00000, 0x0000000086d00000| Untracked 
| 109|0x0000000086d00000, 0x0000000086e00000, 0x0000000086e00000|100%| O|  |TAMS 0x0000000086e00000, 0x0000000086e00000| Untracked 
| 110|0x0000000086e00000, 0x0000000086f00000, 0x0000000086f00000|100%| O|  |TAMS 0x0000000086f00000, 0x0000000086f00000| Untracked 
| 111|0x0000000086f00000, 0x0000000087000000, 0x0000000087000000|100%| O|  |TAMS 0x0000000087000000, 0x0000000087000000| Untracked 
| 112|0x0000000087000000, 0x0000000087100000, 0x0000000087100000|100%| O|  |TAMS 0x0000000087100000, 0x0000000087100000| Untracked 
| 113|0x0000000087100000, 0x0000000087200000, 0x0000000087200000|100%| O|  |TAMS 0x0000000087200000, 0x0000000087200000| Untracked 
| 114|0x0000000087200000, 0x0000000087300000, 0x0000000087300000|100%| O|  |TAMS 0x0000000087300000, 0x0000000087300000| Untracked 
| 115|0x0000000087300000, 0x0000000087400000, 0x0000000087400000|100%| O|  |TAMS 0x0000000087400000, 0x0000000087400000| Untracked 
| 116|0x0000000087400000, 0x0000000087500000, 0x0000000087500000|100%| O|  |TAMS 0x0000000087500000, 0x0000000087500000| Untracked 
| 117|0x0000000087500000, 0x0000000087600000, 0x0000000087600000|100%| O|  |TAMS 0x0000000087600000, 0x0000000087600000| Untracked 
| 118|0x0000000087600000, 0x0000000087700000, 0x0000000087700000|100%|HS|  |TAMS 0x0000000087700000, 0x0000000087700000| Complete 
| 119|0x0000000087700000, 0x0000000087800000, 0x0000000087800000|100%|HC|  |TAMS 0x0000000087800000, 0x0000000087800000| Complete 
| 120|0x0000000087800000, 0x0000000087900000, 0x0000000087900000|100%|HC|  |TAMS 0x0000000087900000, 0x0000000087900000| Complete 
| 121|0x0000000087900000, 0x0000000087a00000, 0x0000000087a00000|100%|HS|  |TAMS 0x0000000087a00000, 0x0000000087a00000| Complete 
| 122|0x0000000087a00000, 0x0000000087b00000, 0x0000000087b00000|100%|HC|  |TAMS 0x0000000087b00000, 0x0000000087b00000| Complete 
| 123|0x0000000087b00000, 0x0000000087c00000, 0x0000000087c00000|100%| O|  |TAMS 0x0000000087c00000, 0x0000000087c00000| Untracked 
| 124|0x0000000087c00000, 0x0000000087d00000, 0x0000000087d00000|100%| O|  |TAMS 0x0000000087d00000, 0x0000000087d00000| Untracked 
| 125|0x0000000087d00000, 0x0000000087e00000, 0x0000000087e00000|100%| O|  |TAMS 0x0000000087e00000, 0x0000000087e00000| Untracked 
| 126|0x0000000087e00000, 0x0000000087f00000, 0x0000000087f00000|100%| O|  |TAMS 0x0000000087f00000, 0x0000000087f00000| Untracked 
| 127|0x0000000087f00000, 0x0000000088000000, 0x0000000088000000|100%| O|  |TAMS 0x0000000088000000, 0x0000000088000000| Untracked 
| 128|0x0000000088000000, 0x0000000088100000, 0x0000000088100000|100%| O|  |TAMS 0x0000000088100000, 0x0000000088100000| Untracked 
| 129|0x0000000088100000, 0x0000000088200000, 0x0000000088200000|100%| O|  |TAMS 0x0000000088200000, 0x0000000088200000| Untracked 
| 130|0x0000000088200000, 0x0000000088300000, 0x0000000088300000|100%| O|  |TAMS 0x0000000088300000, 0x0000000088300000| Untracked 
| 131|0x0000000088300000, 0x0000000088400000, 0x0000000088400000|100%| O|  |TAMS 0x0000000088400000, 0x0000000088400000| Untracked 
| 132|0x0000000088400000, 0x0000000088500000, 0x0000000088500000|100%| O|  |TAMS 0x0000000088500000, 0x0000000088500000| Untracked 
| 133|0x0000000088500000, 0x0000000088600000, 0x0000000088600000|100%| O|  |TAMS 0x0000000088600000, 0x0000000088600000| Untracked 
| 134|0x0000000088600000, 0x0000000088700000, 0x0000000088700000|100%| O|  |TAMS 0x0000000088700000, 0x0000000088700000| Untracked 
| 135|0x0000000088700000, 0x0000000088800000, 0x0000000088800000|100%| O|  |TAMS 0x0000000088800000, 0x0000000088800000| Untracked 
| 136|0x0000000088800000, 0x0000000088900000, 0x0000000088900000|100%| O|  |TAMS 0x0000000088900000, 0x0000000088900000| Untracked 
| 137|0x0000000088900000, 0x0000000088a00000, 0x0000000088a00000|100%| O|  |TAMS 0x0000000088a00000, 0x0000000088a00000| Untracked 
| 138|0x0000000088a00000, 0x0000000088b00000, 0x0000000088b00000|100%| O|  |TAMS 0x0000000088b00000, 0x0000000088b00000| Untracked 
| 139|0x0000000088b00000, 0x0000000088c00000, 0x0000000088c00000|100%| O|  |TAMS 0x0000000088c00000, 0x0000000088c00000| Untracked 
| 140|0x0000000088c00000, 0x0000000088d00000, 0x0000000088d00000|100%| O|  |TAMS 0x0000000088d00000, 0x0000000088d00000| Untracked 
| 141|0x0000000088d00000, 0x0000000088e00000, 0x0000000088e00000|100%| O|  |TAMS 0x0000000088e00000, 0x0000000088e00000| Untracked 
| 142|0x0000000088e00000, 0x0000000088f00000, 0x0000000088f00000|100%| O|  |TAMS 0x0000000088f00000, 0x0000000088f00000| Untracked 
| 143|0x0000000088f00000, 0x0000000089000000, 0x0000000089000000|100%|HS|  |TAMS 0x0000000089000000, 0x0000000089000000| Complete 
| 144|0x0000000089000000, 0x0000000089100000, 0x0000000089100000|100%|HC|  |TAMS 0x0000000089100000, 0x0000000089100000| Complete 
| 145|0x0000000089100000, 0x0000000089200000, 0x0000000089200000|100%| O|  |TAMS 0x0000000089200000, 0x0000000089200000| Untracked 
| 146|0x0000000089200000, 0x0000000089300000, 0x0000000089300000|100%| O|  |TAMS 0x0000000089300000, 0x0000000089300000| Untracked 
| 147|0x0000000089300000, 0x0000000089400000, 0x0000000089400000|100%| O|  |TAMS 0x0000000089400000, 0x0000000089400000| Untracked 
| 148|0x0000000089400000, 0x0000000089500000, 0x0000000089500000|100%| O|  |TAMS 0x0000000089500000, 0x0000000089500000| Untracked 
| 149|0x0000000089500000, 0x0000000089600000, 0x0000000089600000|100%| O|  |TAMS 0x0000000089600000, 0x0000000089600000| Untracked 
| 150|0x0000000089600000, 0x0000000089700000, 0x0000000089700000|100%| O|  |TAMS 0x0000000089700000, 0x0000000089700000| Untracked 
| 151|0x0000000089700000, 0x0000000089800000, 0x0000000089800000|100%| O|  |TAMS 0x00000000897ea000, 0x0000000089800000| Untracked 
| 152|0x0000000089800000, 0x0000000089900000, 0x0000000089900000|100%|HS|  |TAMS 0x0000000089800000, 0x0000000089900000| Complete 
| 153|0x0000000089900000, 0x0000000089a00000, 0x0000000089a00000|100%|HS|  |TAMS 0x0000000089900000, 0x0000000089a00000| Complete 
| 154|0x0000000089a00000, 0x0000000089b00000, 0x0000000089b00000|100%|HC|  |TAMS 0x0000000089a00000, 0x0000000089b00000| Complete 
| 155|0x0000000089b00000, 0x0000000089c00000, 0x0000000089c00000|100%|HC|  |TAMS 0x0000000089b00000, 0x0000000089c00000| Complete 
| 156|0x0000000089c00000, 0x0000000089d00000, 0x0000000089d00000|100%| O|  |TAMS 0x0000000089c00000, 0x0000000089d00000| Untracked 
| 157|0x0000000089d00000, 0x0000000089e00000, 0x0000000089e00000|100%| O|  |TAMS 0x0000000089d00000, 0x0000000089e00000| Untracked 
| 158|0x0000000089e00000, 0x0000000089f00000, 0x0000000089f00000|100%| O|  |TAMS 0x0000000089e00000, 0x0000000089f00000| Untracked 
| 159|0x0000000089f00000, 0x000000008a000000, 0x000000008a000000|100%| O|  |TAMS 0x0000000089f00000, 0x000000008a000000| Untracked 
| 160|0x000000008a000000, 0x000000008a100000, 0x000000008a100000|100%| O|  |TAMS 0x000000008a000000, 0x000000008a100000| Untracked 
| 161|0x000000008a100000, 0x000000008a200000, 0x000000008a200000|100%| O|  |TAMS 0x000000008a100000, 0x000000008a200000| Untracked 
| 162|0x000000008a200000, 0x000000008a218800, 0x000000008a300000|  9%| O|  |TAMS 0x000000008a200000, 0x000000008a218800| Untracked 
| 163|0x000000008a300000, 0x000000008a300000, 0x000000008a400000|  0%| F|  |TAMS 0x000000008a300000, 0x000000008a300000| Untracked 
| 164|0x000000008a400000, 0x000000008a400000, 0x000000008a500000|  0%| F|  |TAMS 0x000000008a400000, 0x000000008a400000| Untracked 
| 165|0x000000008a500000, 0x000000008a500000, 0x000000008a600000|  0%| F|  |TAMS 0x000000008a500000, 0x000000008a500000| Untracked 
| 166|0x000000008a600000, 0x000000008a600000, 0x000000008a700000|  0%| F|  |TAMS 0x000000008a600000, 0x000000008a600000| Untracked 
| 167|0x000000008a700000, 0x000000008a700000, 0x000000008a800000|  0%| F|  |TAMS 0x000000008a700000, 0x000000008a700000| Untracked 
| 168|0x000000008a800000, 0x000000008a800000, 0x000000008a900000|  0%| F|  |TAMS 0x000000008a800000, 0x000000008a800000| Untracked 
| 169|0x000000008a900000, 0x000000008a900000, 0x000000008aa00000|  0%| F|  |TAMS 0x000000008a900000, 0x000000008a900000| Untracked 
| 170|0x000000008aa00000, 0x000000008aa00000, 0x000000008ab00000|  0%| F|  |TAMS 0x000000008aa00000, 0x000000008aa00000| Untracked 
| 171|0x000000008ab00000, 0x000000008ab00000, 0x000000008ac00000|  0%| F|  |TAMS 0x000000008ab00000, 0x000000008ab00000| Untracked 
| 172|0x000000008ac00000, 0x000000008ac00000, 0x000000008ad00000|  0%| F|  |TAMS 0x000000008ac00000, 0x000000008ac00000| Untracked 
| 173|0x000000008ad00000, 0x000000008ad00000, 0x000000008ae00000|  0%| F|  |TAMS 0x000000008ad00000, 0x000000008ad00000| Untracked 
| 174|0x000000008ae00000, 0x000000008ae00000, 0x000000008af00000|  0%| F|  |TAMS 0x000000008ae00000, 0x000000008ae00000| Untracked 
| 175|0x000000008af00000, 0x000000008af00000, 0x000000008b000000|  0%| F|  |TAMS 0x000000008af00000, 0x000000008af00000| Untracked 
| 176|0x000000008b000000, 0x000000008b000000, 0x000000008b100000|  0%| F|  |TAMS 0x000000008b000000, 0x000000008b000000| Untracked 
| 177|0x000000008b100000, 0x000000008b100000, 0x000000008b200000|  0%| F|  |TAMS 0x000000008b100000, 0x000000008b100000| Untracked 
| 178|0x000000008b200000, 0x000000008b200000, 0x000000008b300000|  0%| F|  |TAMS 0x000000008b200000, 0x000000008b200000| Untracked 
| 179|0x000000008b300000, 0x000000008b300000, 0x000000008b400000|  0%| F|  |TAMS 0x000000008b300000, 0x000000008b300000| Untracked 
| 180|0x000000008b400000, 0x000000008b400000, 0x000000008b500000|  0%| F|  |TAMS 0x000000008b400000, 0x000000008b400000| Untracked 
| 181|0x000000008b500000, 0x000000008b500000, 0x000000008b600000|  0%| F|  |TAMS 0x000000008b500000, 0x000000008b500000| Untracked 
| 182|0x000000008b600000, 0x000000008b600000, 0x000000008b700000|  0%| F|  |TAMS 0x000000008b600000, 0x000000008b600000| Untracked 
| 183|0x000000008b700000, 0x000000008b700000, 0x000000008b800000|  0%| F|  |TAMS 0x000000008b700000, 0x000000008b700000| Untracked 
| 184|0x000000008b800000, 0x000000008b800000, 0x000000008b900000|  0%| F|  |TAMS 0x000000008b800000, 0x000000008b800000| Untracked 
| 185|0x000000008b900000, 0x000000008b900000, 0x000000008ba00000|  0%| F|  |TAMS 0x000000008b900000, 0x000000008b900000| Untracked 
| 186|0x000000008ba00000, 0x000000008ba00000, 0x000000008bb00000|  0%| F|  |TAMS 0x000000008ba00000, 0x000000008ba00000| Untracked 
| 187|0x000000008bb00000, 0x000000008bb00000, 0x000000008bc00000|  0%| F|  |TAMS 0x000000008bb00000, 0x000000008bb00000| Untracked 
| 188|0x000000008bc00000, 0x000000008bc00000, 0x000000008bd00000|  0%| F|  |TAMS 0x000000008bc00000, 0x000000008bc00000| Untracked 
| 189|0x000000008bd00000, 0x000000008bd00000, 0x000000008be00000|  0%| F|  |TAMS 0x000000008bd00000, 0x000000008bd00000| Untracked 
| 190|0x000000008be00000, 0x000000008be00000, 0x000000008bf00000|  0%| F|  |TAMS 0x000000008be00000, 0x000000008be00000| Untracked 
| 191|0x000000008bf00000, 0x000000008bf00000, 0x000000008c000000|  0%| F|  |TAMS 0x000000008bf00000, 0x000000008bf00000| Untracked 
| 192|0x000000008c000000, 0x000000008c000000, 0x000000008c100000|  0%| F|  |TAMS 0x000000008c000000, 0x000000008c000000| Untracked 
| 193|0x000000008c100000, 0x000000008c100000, 0x000000008c200000|  0%| F|  |TAMS 0x000000008c100000, 0x000000008c100000| Untracked 
| 194|0x000000008c200000, 0x000000008c200000, 0x000000008c300000|  0%| F|  |TAMS 0x000000008c200000, 0x000000008c200000| Untracked 
| 195|0x000000008c300000, 0x000000008c300000, 0x000000008c400000|  0%| F|  |TAMS 0x000000008c300000, 0x000000008c300000| Untracked 
| 196|0x000000008c400000, 0x000000008c400000, 0x000000008c500000|  0%| F|  |TAMS 0x000000008c400000, 0x000000008c400000| Untracked 
| 197|0x000000008c500000, 0x000000008c500000, 0x000000008c600000|  0%| F|  |TAMS 0x000000008c500000, 0x000000008c500000| Untracked 
| 198|0x000000008c600000, 0x000000008c600000, 0x000000008c700000|  0%| F|  |TAMS 0x000000008c600000, 0x000000008c600000| Untracked 
| 199|0x000000008c700000, 0x000000008c700000, 0x000000008c800000|  0%| F|  |TAMS 0x000000008c700000, 0x000000008c700000| Untracked 
| 200|0x000000008c800000, 0x000000008c800000, 0x000000008c900000|  0%| F|  |TAMS 0x000000008c800000, 0x000000008c800000| Untracked 
| 201|0x000000008c900000, 0x000000008c900000, 0x000000008ca00000|  0%| F|  |TAMS 0x000000008c900000, 0x000000008c900000| Untracked 
| 202|0x000000008ca00000, 0x000000008ca00000, 0x000000008cb00000|  0%| F|  |TAMS 0x000000008ca00000, 0x000000008ca00000| Untracked 
| 203|0x000000008cb00000, 0x000000008cb00000, 0x000000008cc00000|  0%| F|  |TAMS 0x000000008cb00000, 0x000000008cb00000| Untracked 
| 204|0x000000008cc00000, 0x000000008cc00000, 0x000000008cd00000|  0%| F|  |TAMS 0x000000008cc00000, 0x000000008cc00000| Untracked 
| 205|0x000000008cd00000, 0x000000008cdc8568, 0x000000008ce00000| 78%| S|CS|TAMS 0x000000008cd00000, 0x000000008cd00000| Complete 
| 206|0x000000008ce00000, 0x000000008ce00000, 0x000000008cf00000|  0%| F|  |TAMS 0x000000008ce00000, 0x000000008ce00000| Untracked 
| 207|0x000000008cf00000, 0x000000008cf00000, 0x000000008d000000|  0%| F|  |TAMS 0x000000008cf00000, 0x000000008cf00000| Untracked 
| 208|0x000000008d000000, 0x000000008d000000, 0x000000008d100000|  0%| F|  |TAMS 0x000000008d000000, 0x000000008d000000| Untracked 
| 209|0x000000008d100000, 0x000000008d100000, 0x000000008d200000|  0%| F|  |TAMS 0x000000008d100000, 0x000000008d100000| Untracked 
| 210|0x000000008d200000, 0x000000008d200000, 0x000000008d300000|  0%| F|  |TAMS 0x000000008d200000, 0x000000008d200000| Untracked 
| 211|0x000000008d300000, 0x000000008d300000, 0x000000008d400000|  0%| F|  |TAMS 0x000000008d300000, 0x000000008d300000| Untracked 
| 212|0x000000008d400000, 0x000000008d400000, 0x000000008d500000|  0%| F|  |TAMS 0x000000008d400000, 0x000000008d400000| Untracked 
| 213|0x000000008d500000, 0x000000008d500000, 0x000000008d600000|  0%| F|  |TAMS 0x000000008d500000, 0x000000008d500000| Untracked 
| 214|0x000000008d600000, 0x000000008d653500, 0x000000008d700000| 32%| E|  |TAMS 0x000000008d600000, 0x000000008d600000| Complete 
| 215|0x000000008d700000, 0x000000008d800000, 0x000000008d800000|100%| E|CS|TAMS 0x000000008d700000, 0x000000008d700000| Complete 
| 216|0x000000008d800000, 0x000000008d900000, 0x000000008d900000|100%| E|CS|TAMS 0x000000008d800000, 0x000000008d800000| Complete 
| 217|0x000000008d900000, 0x000000008da00000, 0x000000008da00000|100%| E|CS|TAMS 0x000000008d900000, 0x000000008d900000| Complete 
| 218|0x000000008da00000, 0x000000008db00000, 0x000000008db00000|100%| E|CS|TAMS 0x000000008da00000, 0x000000008da00000| Complete 
| 219|0x000000008db00000, 0x000000008dc00000, 0x000000008dc00000|100%| E|CS|TAMS 0x000000008db00000, 0x000000008db00000| Complete 
| 220|0x000000008dc00000, 0x000000008dd00000, 0x000000008dd00000|100%| E|CS|TAMS 0x000000008dc00000, 0x000000008dc00000| Complete 
| 221|0x000000008dd00000, 0x000000008de00000, 0x000000008de00000|100%| E|CS|TAMS 0x000000008dd00000, 0x000000008dd00000| Complete 

Card table byte_map: [0x000001aafbf10000,0x000001aafc310000] _byte_map_base: 0x000001aafbb10000

Marking Bits (Prev, Next): (CMBitMap*) 0x000001aae725de28, (CMBitMap*) 0x000001aae725de60
 Prev Bits: [0x000001aafc710000, 0x000001aafe710000)
 Next Bits: [0x000001aa80000000, 0x000001aa82000000)

Polling page: 0x000001aae7300000

Metaspace:

Usage:
  Non-class:     90.78 MB capacity,    87.49 MB ( 96%) used,     2.98 MB (  3%) free+waste,   322.06 KB ( <1%) overhead. 
      Class:     14.96 MB capacity,    13.29 MB ( 89%) used,     1.52 MB ( 10%) free+waste,   155.56 KB (  1%) overhead. 
       Both:    105.74 MB capacity,   100.78 MB ( 95%) used,     4.50 MB (  4%) free+waste,   477.63 KB ( <1%) overhead. 

Virtual space:
  Non-class space:       92.00 MB reserved,      90.96 MB ( 99%) committed 
      Class space:      504.00 MB reserved,      15.00 MB (  3%) committed 
             Both:      596.00 MB reserved,     105.96 MB ( 18%) committed 

Chunk freelists:
   Non-Class:  56.00 KB
       Class:  8.00 KB
        Both:  64.00 KB

MaxMetaspaceSize: 512.00 MB
CompressedClassSpaceSize: 504.00 MB

CodeHeap 'non-profiled nmethods': size=120064Kb used=6305Kb max_used=6305Kb free=113758Kb
 bounds [0x000001aaf3fb0000, 0x000001aaf45e0000, 0x000001aafb4f0000]
CodeHeap 'profiled nmethods': size=120000Kb used=26580Kb max_used=26580Kb free=93419Kb
 bounds [0x000001aaeca80000, 0x000001aaee480000, 0x000001aaf3fb0000]
CodeHeap 'non-nmethods': size=5696Kb used=2312Kb max_used=2358Kb free=3383Kb
 bounds [0x000001aaec4f0000, 0x000001aaec760000, 0x000001aaeca80000]
 total_blobs=13526 nmethods=12597 adapters=839
 compilation: enabled
              stopped_count=0, restarted_count=0
 full_count=0

Compilation events (20 events):
Event: 71.926 Thread 0x000001aafed6d000 12862       2       com.android.build.gradle.internal.tasks.factory.VariantTaskCreationAction::computeTaskName$default (31 bytes)
Event: 71.927 Thread 0x000001aafed6d000 nmethod 12862 0x000001aaee46f910 code [0x000001aaee46fc00, 0x000001aaee4704a8]
Event: 71.927 Thread 0x000001aafed6d000 12863       1       com.android.build.gradle.internal.variant.BaseVariantData::getAllPreJavacGeneratedBytecode (5 bytes)
Event: 71.927 Thread 0x000001aafed6d000 nmethod 12863 0x000001aaf45d7a10 code [0x000001aaf45d7bc0, 0x000001aaf45d7c78]
Event: 71.927 Thread 0x000001aafed6d000 12864       1       com.android.build.gradle.internal.variant.BaseVariantData::getAllPostJavacGeneratedBytecode (5 bytes)
Event: 71.927 Thread 0x000001aafed6d000 nmethod 12864 0x000001aaf45d7d10 code [0x000001aaf45d7ec0, 0x000001aaf45d7f78]
Event: 71.927 Thread 0x000001aafed6d000 12865       1       com.android.build.gradle.internal.dsl.CommonExtensionImpl::getTestOptions (5 bytes)
Event: 71.927 Thread 0x000001aafed6d000 nmethod 12865 0x000001aaf45d8010 code [0x000001aaf45d81c0, 0x000001aaf45d8278]
Event: 71.929 Thread 0x000001aafed6d000 12867       2       org.gradle.api.internal.provider.DefaultProperty::unpackState (5 bytes)
Event: 71.930 Thread 0x000001aafed6d000 nmethod 12867 0x000001aaee470a90 code [0x000001aaee470c40, 0x000001aaee470d98]
Event: 71.930 Thread 0x000001aafed6d000 12868       2       org.gradle.api.internal.provider.DefaultProperty::getProvider (8 bytes)
Event: 71.930 Thread 0x000001aafed6d000 nmethod 12868 0x000001aaee470e90 code [0x000001aaee471040, 0x000001aaee471198]
Event: 71.930 Thread 0x000001aafed6d000 12869       2       org.gradle.api.internal.provider.DefaultProperty::getFactoryId (4 bytes)
Event: 71.930 Thread 0x000001aafed6d000 nmethod 12869 0x000001aaee471290 code [0x000001aaee471440, 0x000001aaee471538]
Event: 71.959 Thread 0x000001aafed6d000 12870       2       org.jetbrains.kotlin.gradle.utils.StringUtilsKt$lowerCamelCaseName$1::invoke (9 bytes)
Event: 71.960 Thread 0x000001aafed6d000 nmethod 12870 0x000001aaee471610 code [0x000001aaee471860, 0x000001aaee471cf8]
Event: 71.960 Thread 0x000001aafed6d000 12871       2       org.jetbrains.kotlin.gradle.utils.StringUtilsKt$lowerCamelCaseName$1::invoke (11 bytes)
Event: 71.960 Thread 0x000001aafed6d000 nmethod 12871 0x000001aaee472090 code [0x000001aaee4722e0, 0x000001aaee472758]
Event: 71.965 Thread 0x000001aafed6d000 12872       2       org.gradle.api.internal.project.DefaultProject::getRootProject (5 bytes)
Event: 71.966 Thread 0x000001aafed6d000 nmethod 12872 0x000001aaee472a90 code [0x000001aaee472c40, 0x000001aaee472d38]

GC Heap History (20 events):
Event: 68.861 GC heap before
{Heap before GC invocations=51 (full 0):
 garbage-first heap   total 189440K, used 160074K [0x0000000080000000, 0x0000000100000000)
  region size 1024K, 10 young (10240K), 2 survivors (2048K)
 Metaspace       used 99838K, capacity 104729K, committed 104920K, reserved 606208K
  class space    used 13185K, capacity 14758K, committed 14848K, reserved 516096K
}
Event: 68.866 GC heap after
{Heap after GC invocations=52 (full 0):
 garbage-first heap   total 189440K, used 152666K [0x0000000080000000, 0x0000000100000000)
  region size 1024K, 1 young (1024K), 1 survivors (1024K)
 Metaspace       used 99838K, capacity 104729K, committed 104920K, reserved 606208K
  class space    used 13185K, capacity 14758K, committed 14848K, reserved 516096K
}
Event: 69.063 GC heap before
{Heap before GC invocations=52 (full 0):
 garbage-first heap   total 189440K, used 160858K [0x0000000080000000, 0x0000000100000000)
  region size 1024K, 9 young (9216K), 1 survivors (1024K)
 Metaspace       used 100468K, capacity 105313K, committed 105432K, reserved 608256K
  class space    used 13259K, capacity 14823K, committed 14848K, reserved 516096K
}
Event: 69.065 GC heap after
{Heap after GC invocations=53 (full 0):
 garbage-first heap   total 189440K, used 152833K [0x0000000080000000, 0x0000000100000000)
  region size 1024K, 1 young (1024K), 1 survivors (1024K)
 Metaspace       used 100468K, capacity 105313K, committed 105432K, reserved 608256K
  class space    used 13259K, capacity 14823K, committed 14848K, reserved 516096K
}
Event: 69.242 GC heap before
{Heap before GC invocations=53 (full 0):
 garbage-first heap   total 189440K, used 161025K [0x0000000080000000, 0x0000000100000000)
  region size 1024K, 9 young (9216K), 1 survivors (1024K)
 Metaspace       used 100884K, capacity 105761K, committed 106072K, reserved 608256K
  class space    used 13305K, capacity 14887K, committed 14976K, reserved 516096K
}
Event: 69.246 GC heap after
{Heap after GC invocations=54 (full 0):
 garbage-first heap   total 189440K, used 153287K [0x0000000080000000, 0x0000000100000000)
  region size 1024K, 2 young (2048K), 2 survivors (2048K)
 Metaspace       used 100884K, capacity 105761K, committed 106072K, reserved 608256K
  class space    used 13305K, capacity 14887K, committed 14976K, reserved 516096K
}
Event: 69.385 GC heap before
{Heap before GC invocations=54 (full 0):
 garbage-first heap   total 189440K, used 161479K [0x0000000080000000, 0x0000000100000000)
  region size 1024K, 10 young (10240K), 2 survivors (2048K)
 Metaspace       used 101210K, capacity 106139K, committed 106328K, reserved 608256K
  class space    used 13346K, capacity 14928K, committed 14976K, reserved 516096K
}
Event: 69.390 GC heap after
{Heap after GC invocations=55 (full 0):
 garbage-first heap   total 189440K, used 154329K [0x0000000080000000, 0x0000000100000000)
  region size 1024K, 2 young (2048K), 2 survivors (2048K)
 Metaspace       used 101210K, capacity 106139K, committed 106328K, reserved 608256K
  class space    used 13346K, capacity 14928K, committed 14976K, reserved 516096K
}
Event: 69.579 GC heap before
{Heap before GC invocations=56 (full 0):
 garbage-first heap   total 189440K, used 162521K [0x0000000080000000, 0x0000000100000000)
  region size 1024K, 10 young (10240K), 2 survivors (2048K)
 Metaspace       used 101765K, capacity 106717K, committed 106968K, reserved 608256K
  class space    used 13421K, capacity 15037K, committed 15104K, reserved 516096K
}
Event: 69.588 GC heap after
{Heap after GC invocations=57 (full 0):
 garbage-first heap   total 189440K, used 154770K [0x0000000080000000, 0x0000000100000000)
  region size 1024K, 2 young (2048K), 2 survivors (2048K)
 Metaspace       used 101765K, capacity 106717K, committed 106968K, reserved 608256K
  class space    used 13421K, capacity 15037K, committed 15104K, reserved 516096K
}
Event: 69.826 GC heap before
{Heap before GC invocations=57 (full 0):
 garbage-first heap   total 189440K, used 161938K [0x0000000080000000, 0x0000000100000000)
  region size 1024K, 10 young (10240K), 2 survivors (2048K)
 Metaspace       used 101864K, capacity 106841K, committed 106968K, reserved 608256K
  class space    used 13430K, capacity 15077K, committed 15104K, reserved 516096K
}
Event: 69.831 GC heap after
{Heap after GC invocations=58 (full 0):
 garbage-first heap   total 189440K, used 155429K [0x0000000080000000, 0x0000000100000000)
  region size 1024K, 2 young (2048K), 2 survivors (2048K)
 Metaspace       used 101864K, capacity 106841K, committed 106968K, reserved 608256K
  class space    used 13430K, capacity 15077K, committed 15104K, reserved 516096K
}
Event: 70.542 GC heap before
{Heap before GC invocations=58 (full 0):
 garbage-first heap   total 189440K, used 162597K [0x0000000080000000, 0x0000000100000000)
  region size 1024K, 10 young (10240K), 2 survivors (2048K)
 Metaspace       used 101878K, capacity 106853K, committed 106968K, reserved 608256K
  class space    used 13431K, capacity 15079K, committed 15104K, reserved 516096K
}
Event: 70.549 GC heap after
{Heap after GC invocations=59 (full 0):
 garbage-first heap   total 189440K, used 155942K [0x0000000080000000, 0x0000000100000000)
  region size 1024K, 2 young (2048K), 2 survivors (2048K)
 Metaspace       used 101878K, capacity 106853K, committed 106968K, reserved 608256K
  class space    used 13431K, capacity 15079K, committed 15104K, reserved 516096K
}
Event: 70.671 GC heap before
{Heap before GC invocations=60 (full 0):
 garbage-first heap   total 189440K, used 156966K [0x0000000080000000, 0x0000000100000000)
  region size 1024K, 5 young (5120K), 2 survivors (2048K)
 Metaspace       used 101885K, capacity 106859K, committed 106968K, reserved 608256K
  class space    used 13432K, capacity 15080K, committed 15104K, reserved 516096K
}
Event: 70.677 GC heap after
{Heap after GC invocations=61 (full 0):
 garbage-first heap   total 189440K, used 157608K [0x0000000080000000, 0x0000000100000000)
  region size 1024K, 2 young (2048K), 2 survivors (2048K)
 Metaspace       used 101885K, capacity 106859K, committed 106968K, reserved 608256K
  class space    used 13432K, capacity 15080K, committed 15104K, reserved 516096K
}
Event: 71.482 GC heap before
{Heap before GC invocations=62 (full 0):
 garbage-first heap   total 189440K, used 168872K [0x0000000080000000, 0x0000000100000000)
  region size 1024K, 10 young (10240K), 2 survivors (2048K)
 Metaspace       used 102023K, capacity 107049K, committed 107352K, reserved 608256K
  class space    used 13455K, capacity 15122K, committed 15232K, reserved 516096K
}
Event: 71.490 GC heap after
{Heap after GC invocations=63 (full 0):
 garbage-first heap   total 227328K, used 165554K [0x0000000080000000, 0x0000000100000000)
  region size 1024K, 2 young (2048K), 2 survivors (2048K)
 Metaspace       used 102023K, capacity 107049K, committed 107352K, reserved 608256K
  class space    used 13455K, capacity 15122K, committed 15232K, reserved 516096K
}
Event: 71.854 GC heap before
{Heap before GC invocations=63 (full 0):
 garbage-first heap   total 227328K, used 181938K [0x0000000080000000, 0x0000000100000000)
  region size 1024K, 18 young (18432K), 2 survivors (2048K)
 Metaspace       used 102833K, capacity 107895K, committed 108248K, reserved 610304K
  class space    used 13563K, capacity 15256K, committed 15360K, reserved 516096K
}
Event: 71.862 GC heap after
{Heap after GC invocations=64 (full 0):
 garbage-first heap   total 227328K, used 166787K [0x0000000080000000, 0x0000000100000000)
  region size 1024K, 1 young (1024K), 1 survivors (1024K)
 Metaspace       used 102833K, capacity 107895K, committed 108248K, reserved 610304K
  class space    used 13563K, capacity 15256K, committed 15360K, reserved 516096K
}

Deoptimization events (20 events):
Event: 69.539 Thread 0x000001aa84c39800 DEOPT PACKING pc=0x000001aaf4094ecc sp=0x0000009c9b9f8b60
Event: 69.539 Thread 0x000001aa84c39800 DEOPT UNPACKING pc=0x000001aaec5178af sp=0x0000009c9b9f8af0 mode 2
Event: 69.590 Thread 0x000001aa84c39800 DEOPT PACKING pc=0x000001aaed4f25f1 sp=0x0000009c9b9f9740
Event: 69.590 Thread 0x000001aa84c39800 DEOPT UNPACKING pc=0x000001aaec5176ce sp=0x0000009c9b9f8c38 mode 0
Event: 69.676 Thread 0x000001aa84c39800 DEOPT PACKING pc=0x000001aaedca2477 sp=0x0000009c9b9f7c80
Event: 69.676 Thread 0x000001aa84c39800 DEOPT UNPACKING pc=0x000001aaec5176ce sp=0x0000009c9b9f7180 mode 0
Event: 69.764 Thread 0x000001aa84c39800 Uncommon trap: trap_request=0xffffff4d fr.pc=0x000001aaf4586be0 relative=0x0000000000000600
Event: 69.764 Thread 0x000001aa84c39800 Uncommon trap: reason=unstable_if action=reinterpret pc=0x000001aaf4586be0 method=java.util.HashMap.removeNode(ILjava/lang/Object;Ljava/lang/Object;ZZ)Ljava/util/HashMap$Node; @ 133 c2
Event: 69.764 Thread 0x000001aa84c39800 DEOPT PACKING pc=0x000001aaf4586be0 sp=0x0000009c9b9f9a20
Event: 69.764 Thread 0x000001aa84c39800 DEOPT UNPACKING pc=0x000001aaec5178af sp=0x0000009c9b9f99a8 mode 2
Event: 70.421 Thread 0x000001aa84c39800 DEOPT PACKING pc=0x000001aaed4f25f1 sp=0x0000009c9b9f9230
Event: 70.421 Thread 0x000001aa84c39800 DEOPT UNPACKING pc=0x000001aaec5176ce sp=0x0000009c9b9f8728 mode 0
Event: 71.400 Thread 0x000001aa86f5f800 DEOPT PACKING pc=0x000001aaeddcbbe2 sp=0x0000009c9b4feb40
Event: 71.400 Thread 0x000001aa86f5f800 DEOPT UNPACKING pc=0x000001aaec5176ce sp=0x0000009c9b4fdfd8 mode 0
Event: 71.651 Thread 0x000001aa84c39800 DEOPT PACKING pc=0x000001aaed0c7511 sp=0x0000009c9b9f8020
Event: 71.651 Thread 0x000001aa84c39800 DEOPT UNPACKING pc=0x000001aaec5176ce sp=0x0000009c9b9f74f8 mode 0
Event: 71.680 Thread 0x000001aa84c39800 DEOPT PACKING pc=0x000001aaed0c7511 sp=0x0000009c9b9f8010
Event: 71.680 Thread 0x000001aa84c39800 DEOPT UNPACKING pc=0x000001aaec5176ce sp=0x0000009c9b9f74e8 mode 0
Event: 71.914 Thread 0x000001aa84c39800 DEOPT PACKING pc=0x000001aaedca2477 sp=0x0000009c9b9f8770
Event: 71.914 Thread 0x000001aa84c39800 DEOPT UNPACKING pc=0x000001aaec5176ce sp=0x0000009c9b9f7c70 mode 0

Classes redefined (0 events):
No events

Internal exceptions (20 events):
Event: 71.292 Thread 0x000001aa84c39800 Exception <a 'java/security/PrivilegedActionException'{0x000000008b2dd888}> (0x000000008b2dd888) thrown at [./src/hotspot/share/prims/jvm.cpp, line 1306]
Event: 71.292 Thread 0x000001aa84c39800 Exception <a 'java/security/PrivilegedActionException'{0x000000008b2deb48}> (0x000000008b2deb48) thrown at [./src/hotspot/share/prims/jvm.cpp, line 1306]
Event: 71.293 Thread 0x000001aa84c39800 Exception <a 'java/security/PrivilegedActionException'{0x000000008b2e18b0}> (0x000000008b2e18b0) thrown at [./src/hotspot/share/prims/jvm.cpp, line 1306]
Event: 71.293 Thread 0x000001aa84c39800 Exception <a 'java/security/PrivilegedActionException'{0x000000008b2e2b70}> (0x000000008b2e2b70) thrown at [./src/hotspot/share/prims/jvm.cpp, line 1306]
Event: 71.775 Thread 0x000001aa84c39800 Exception <a 'java/lang/ClassNotFoundException'{0x000000008d219190}: org/jetbrains/kotlin/gradle/targets/js/npm/DefaultNpmDependencyExtensionBeanInfo> (0x000000008d219190) thrown at [./src/hotspot/share/classfile/systemDictionary.cpp, line 231]
Event: 71.776 Thread 0x000001aa84c39800 Exception <a 'java/lang/ClassNotFoundException'{0x000000008d245aa8}: org/jetbrains/kotlin/gradle/targets/js/npm/DefaultNpmDependencyExtensionCustomizer> (0x000000008d245aa8) thrown at [./src/hotspot/share/classfile/systemDictionary.cpp, line 231]
Event: 71.796 Thread 0x000001aa84c39800 Exception <a 'java/lang/ClassNotFoundException'{0x000000008d104310}: org/jetbrains/kotlin/gradle/targets/js/npm/NpmDependencyExtensionKt$defaultNpmDependencyDelegate$1BeanInfo> (0x000000008d104310) thrown at [./src/hotspot/share/classfile/systemDictionary.cpp, line 231]
Event: 71.797 Thread 0x000001aa84c39800 Exception <a 'java/lang/ClassNotFoundException'{0x000000008d130cf0}: org/jetbrains/kotlin/gradle/targets/js/npm/NpmDependencyExtensionDelegateBeanInfo> (0x000000008d130cf0) thrown at [./src/hotspot/share/classfile/systemDictionary.cpp, line 231]
Event: 71.798 Thread 0x000001aa84c39800 Exception <a 'java/lang/ClassNotFoundException'{0x000000008d15f8b8}: org/jetbrains/kotlin/gradle/targets/js/npm/NpmDependencyExtensionDelegateCustomizer> (0x000000008d15f8b8) thrown at [./src/hotspot/share/classfile/systemDictionary.cpp, line 231]
Event: 71.800 Thread 0x000001aa84c39800 Exception <a 'java/lang/ClassNotFoundException'{0x000000008d1ad0a8}: org/jetbrains/kotlin/gradle/targets/js/npm/NpmDependencyExtensionKt$defaultNpmDependencyDelegate$1Customizer> (0x000000008d1ad0a8) thrown at [./src/hotspot/share/classfile/systemDictionary.cpp, line 231]
Event: 71.804 Thread 0x000001aa84c39800 Exception <a 'java/lang/ClassNotFoundException'{0x000000008d016188}: org/jetbrains/kotlin/gradle/targets/js/npm/DefaultDevNpmDependencyExtensionBeanInfo> (0x000000008d016188) thrown at [./src/hotspot/share/classfile/systemDictionary.cpp, line 231]
Event: 71.806 Thread 0x000001aa84c39800 Exception <a 'java/lang/ClassNotFoundException'{0x000000008d043bb8}: org/jetbrains/kotlin/gradle/targets/js/npm/DefaultDevNpmDependencyExtensionCustomizer> (0x000000008d043bb8) thrown at [./src/hotspot/share/classfile/systemDictionary.cpp, line 231]
Event: 71.810 Thread 0x000001aa84c39800 Exception <a 'java/lang/ClassNotFoundException'{0x000000008d0b1000}: org/jetbrains/kotlin/gradle/targets/js/npm/DefaultPeerNpmDependencyExtensionBeanInfo> (0x000000008d0b1000) thrown at [./src/hotspot/share/classfile/systemDictionary.cpp, line 231]
Event: 71.811 Thread 0x000001aa84c39800 Exception <a 'java/lang/ClassNotFoundException'{0x000000008d0ded58}: org/jetbrains/kotlin/gradle/targets/js/npm/DefaultPeerNpmDependencyExtensionCustomizer> (0x000000008d0ded58) thrown at [./src/hotspot/share/classfile/systemDictionary.cpp, line 231]
Event: 71.822 Thread 0x000001aa84c39800 Exception <a 'java/lang/ClassNotFoundException'{0x000000008cf57e68}: org/jetbrains/kotlin/gradle/targets/js/npm/DefaultPeerNpmDependencyExtension$delegate$1BeanInfo> (0x000000008cf57e68) thrown at [./src/hotspot/share/classfile/systemDictionary.cpp, line 231]
Event: 71.823 Thread 0x000001aa84c39800 Exception <a 'java/lang/ClassNotFoundException'{0x000000008cf888d0}: org/jetbrains/kotlin/gradle/targets/js/npm/DefaultPeerNpmDependencyExtension$delegate$1Customizer> (0x000000008cf888d0) thrown at [./src/hotspot/share/classfile/systemDictionary.cpp, line 231]
Event: 71.831 Thread 0x000001aa84c39800 Exception <a 'java/lang/ClassNotFoundException'{0x000000008cfe1428}: build_1wvwuhmxs23rxy10506zg416c$_run_closure1BeanInfo> (0x000000008cfe1428) thrown at [./src/hotspot/share/classfile/systemDictionary.cpp, line 231]
Event: 71.832 Thread 0x000001aa84c39800 Exception <a 'java/lang/ClassNotFoundException'{0x000000008cff6210}: build_1wvwuhmxs23rxy10506zg416c$_run_closure1Customizer> (0x000000008cff6210) thrown at [./src/hotspot/share/classfile/systemDictionary.cpp, line 231]
Event: 71.848 Thread 0x000001aa84c39800 Exception <a 'java/lang/ClassNotFoundException'{0x000000008ceb8a08}: org/jetbrains/kotlin/gradle/plugin/sources/DefaultKotlinSourceSetBeanInfo> (0x000000008ceb8a08) thrown at [./src/hotspot/share/classfile/systemDictionary.cpp, line 231]
Event: 71.849 Thread 0x000001aa84c39800 Exception <a 'java/lang/ClassNotFoundException'{0x000000008cee75c8}: org/jetbrains/kotlin/gradle/plugin/sources/DefaultKotlinSourceSetCustomizer> (0x000000008cee75c8) thrown at [./src/hotspot/share/classfile/systemDictionary.cpp, line 231]

Events (20 events):
Event: 71.845 loading class groovy/runtime/metaclass/org/jetbrains/kotlin/gradle/plugin/sources/DefaultKotlinSourceSetMetaClass
Event: 71.845 loading class groovy/runtime/metaclass/org/jetbrains/kotlin/gradle/plugin/sources/DefaultKotlinSourceSetMetaClass done
Event: 71.848 loading class org/jetbrains/kotlin/gradle/plugin/sources/DefaultKotlinSourceSetBeanInfo
Event: 71.848 loading class org/jetbrains/kotlin/gradle/plugin/sources/DefaultKotlinSourceSetBeanInfo done
Event: 71.849 loading class org/jetbrains/kotlin/gradle/plugin/sources/DefaultKotlinSourceSetCustomizer
Event: 71.849 loading class org/jetbrains/kotlin/gradle/plugin/sources/DefaultKotlinSourceSetCustomizer done
Event: 71.854 Executing VM operation: G1CollectForAllocation
Event: 71.862 Executing VM operation: G1CollectForAllocation done
Event: 71.873 loading class groovy/runtime/metaclass/build_1wvwuhmxs23rxy10506zg416c$_run_closure2MetaClass
Event: 71.873 loading class groovy/runtime/metaclass/build_1wvwuhmxs23rxy10506zg416c$_run_closure2MetaClass done
Event: 71.877 loading class groovy/runtime/metaclass/build_1wvwuhmxs23rxy10506zg416c$_run_closure2$_closure16MetaClass
Event: 71.877 loading class groovy/runtime/metaclass/build_1wvwuhmxs23rxy10506zg416c$_run_closure2$_closure16MetaClass done
Event: 71.879 loading class org/gradle/api/internal/artifacts/repositories/DefaultMavenLocalArtifactRepository
Event: 71.879 loading class org/gradle/api/internal/artifacts/repositories/DefaultMavenLocalArtifactRepository done
Event: 71.881 loading class org/gradle/api/internal/artifacts/repositories/metadata/MavenLocalPomMetadataSource
Event: 71.881 loading class org/gradle/api/internal/artifacts/repositories/metadata/MavenLocalPomMetadataSource done
Event: 71.891 loading class groovy/runtime/metaclass/build_1wvwuhmxs23rxy10506zg416c$_run_closure3MetaClass
Event: 71.891 loading class groovy/runtime/metaclass/build_1wvwuhmxs23rxy10506zg416c$_run_closure3MetaClass done
Event: 71.971 loading class org/jetbrains/kotlin/gradle/tasks/KotlinCompileTaskData
Event: 71.971 loading class org/jetbrains/kotlin/gradle/tasks/KotlinCompileTaskData done


Dynamic libraries:
0x00007ff7cc060000 - 0x00007ff7cc06a000 	C:\Program Files\Android\Android Studio1\jre\bin\java.exe
0x00007ffee9930000 - 0x00007ffee9b25000 	C:\WINDOWS\SYSTEM32\ntdll.dll
0x00007ffee92a0000 - 0x00007ffee935d000 	C:\WINDOWS\System32\KERNEL32.DLL
0x00007ffee7250000 - 0x00007ffee751d000 	C:\WINDOWS\System32\KERNELBASE.dll
0x00007ffee77c0000 - 0x00007ffee78c0000 	C:\WINDOWS\System32\ucrtbase.dll
0x00007ffec7980000 - 0x00007ffec7999000 	C:\Program Files\Android\Android Studio1\jre\bin\jli.dll
0x00007ffebc0b0000 - 0x00007ffebc0c7000 	C:\Program Files\Android\Android Studio1\jre\bin\VCRUNTIME140.dll
0x00007ffee7e00000 - 0x00007ffee7fa0000 	C:\WINDOWS\System32\USER32.dll
0x00007ffee7520000 - 0x00007ffee7542000 	C:\WINDOWS\System32\win32u.dll
0x00007ffee8830000 - 0x00007ffee885a000 	C:\WINDOWS\System32\GDI32.dll
0x00007ffee76b0000 - 0x00007ffee77bb000 	C:\WINDOWS\System32\gdi32full.dll
0x00007ffee7610000 - 0x00007ffee76ad000 	C:\WINDOWS\System32\msvcp_win.dll
0x00007ffed3d90000 - 0x00007ffed402a000 	C:\WINDOWS\WinSxS\amd64_microsoft.windows.common-controls_6595b64144ccf1df_6.0.19041.1110_none_60b5254171f9507e\COMCTL32.dll
0x00007ffee7ac0000 - 0x00007ffee7b5e000 	C:\WINDOWS\System32\msvcrt.dll
0x00007ffee93c0000 - 0x00007ffee93f0000 	C:\WINDOWS\System32\IMM32.DLL
0x00007ffeadf60000 - 0x00007ffeadffd000 	C:\Program Files\Android\Android Studio1\jre\bin\msvcp140.dll
0x00007ffeae760000 - 0x00007ffeaf22f000 	C:\Program Files\Android\Android Studio1\jre\bin\server\jvm.dll
0x00007ffee7980000 - 0x00007ffee7a2e000 	C:\WINDOWS\System32\ADVAPI32.dll
0x00007ffee8180000 - 0x00007ffee821c000 	C:\WINDOWS\System32\sechost.dll
0x00007ffee8050000 - 0x00007ffee8175000 	C:\WINDOWS\System32\RPCRT4.dll
0x00007ffee7de0000 - 0x00007ffee7de8000 	C:\WINDOWS\System32\PSAPI.DLL
0x00007ffed26b0000 - 0x00007ffed26b9000 	C:\WINDOWS\SYSTEM32\WSOCK32.dll
0x00007ffee8fc0000 - 0x00007ffee902b000 	C:\WINDOWS\System32\WS2_32.dll
0x00007ffed2a00000 - 0x00007ffed2a27000 	C:\WINDOWS\SYSTEM32\WINMM.dll
0x00007ffedf620000 - 0x00007ffedf62a000 	C:\WINDOWS\SYSTEM32\VERSION.dll
0x00007ffee5920000 - 0x00007ffee5932000 	C:\WINDOWS\SYSTEM32\kernel.appcore.dll
0x00007ffee16f0000 - 0x00007ffee1701000 	C:\Program Files\Android\Android Studio1\jre\bin\verify.dll
0x00007ffee4e30000 - 0x00007ffee5014000 	C:\WINDOWS\SYSTEM32\DBGHELP.DLL
0x00007ffecc2e0000 - 0x00007ffecc30c000 	C:\WINDOWS\SYSTEM32\dbgcore.DLL
0x00007ffee7550000 - 0x00007ffee75d2000 	C:\WINDOWS\System32\bcryptPrimitives.dll
0x00007ffec7810000 - 0x00007ffec7839000 	C:\Program Files\Android\Android Studio1\jre\bin\java.dll
0x00007ffee16e0000 - 0x00007ffee16eb000 	C:\Program Files\Android\Android Studio1\jre\bin\jimage.dll
0x00007ffedae00000 - 0x00007ffedae18000 	C:\Program Files\Android\Android Studio1\jre\bin\zip.dll
0x00007ffee8870000 - 0x00007ffee8fb4000 	C:\WINDOWS\System32\SHELL32.dll
0x00007ffee5040000 - 0x00007ffee57d4000 	C:\WINDOWS\SYSTEM32\windows.storage.dll
0x00007ffee8450000 - 0x00007ffee87a4000 	C:\WINDOWS\System32\combase.dll
0x00007ffee6aa0000 - 0x00007ffee6acc000 	C:\WINDOWS\SYSTEM32\Wldp.dll
0x00007ffee7fa0000 - 0x00007ffee804d000 	C:\WINDOWS\System32\SHCORE.dll
0x00007ffee9030000 - 0x00007ffee9085000 	C:\WINDOWS\System32\shlwapi.dll
0x00007ffee6f80000 - 0x00007ffee6f9f000 	C:\WINDOWS\SYSTEM32\profapi.dll
0x00007ffed5330000 - 0x00007ffed534a000 	C:\Program Files\Android\Android Studio1\jre\bin\net.dll
0x00007ffed5fd0000 - 0x00007ffed60da000 	C:\WINDOWS\SYSTEM32\WINHTTP.dll
0x00007ffee6800000 - 0x00007ffee686a000 	C:\WINDOWS\system32\mswsock.dll
0x00007ffed52a0000 - 0x00007ffed52b4000 	C:\Program Files\Android\Android Studio1\jre\bin\nio.dll
0x00007ffeaf230000 - 0x00007ffeaf257000 	C:\Users\chamsoclaptop.vn\.gradle\native\e1d6ef7f7dcc3fd88c89a11ec53ec762bb8ba0a96d01ffa2cd45eb1d1d8dd5c5\windows-amd64\native-platform.dll
0x00007ffe89fc0000 - 0x00007ffe8a104000 	C:\Users\chamsoclaptop.vn\.gradle\native\5664cfc778a61ccfe75a443a1ab52a65af34e5dc3c78e0209fed803814484fcb\windows-amd64\native-platform-file-events.dll
0x00007ffedb550000 - 0x00007ffedb55a000 	C:\Program Files\Android\Android Studio1\jre\bin\management.dll
0x00007ffeda960000 - 0x00007ffeda96c000 	C:\Program Files\Android\Android Studio1\jre\bin\management_ext.dll
0x00007ffee69f0000 - 0x00007ffee6a08000 	C:\WINDOWS\SYSTEM32\CRYPTSP.dll
0x00007ffee6110000 - 0x00007ffee6144000 	C:\WINDOWS\system32\rsaenh.dll
0x00007ffee75e0000 - 0x00007ffee7607000 	C:\WINDOWS\System32\bcrypt.dll
0x00007ffee6f40000 - 0x00007ffee6f6e000 	C:\WINDOWS\SYSTEM32\USERENV.dll
0x00007ffee6a10000 - 0x00007ffee6a1c000 	C:\WINDOWS\SYSTEM32\CRYPTBASE.dll
0x00007ffee64a0000 - 0x00007ffee64db000 	C:\WINDOWS\SYSTEM32\IPHLPAPI.DLL
0x00007ffee7df0000 - 0x00007ffee7df8000 	C:\WINDOWS\System32\NSI.dll
0x00007ffedf2c0000 - 0x00007ffedf2d7000 	C:\WINDOWS\SYSTEM32\dhcpcsvc6.DLL
0x00007ffede2c0000 - 0x00007ffede2dd000 	C:\WINDOWS\SYSTEM32\dhcpcsvc.DLL
0x00007ffee64f0000 - 0x00007ffee65bb000 	C:\WINDOWS\SYSTEM32\DNSAPI.dll

dbghelp: loaded successfully - version: 4.0.5 - missing functions: none
symbol engine: initialized successfully - sym options: 0x614 - pdb path: .;C:\Program Files\Android\Android Studio1\jre\bin;C:\WINDOWS\SYSTEM32;C:\WINDOWS\WinSxS\amd64_microsoft.windows.common-controls_6595b64144ccf1df_6.0.19041.1110_none_60b5254171f9507e;C:\Program Files\Android\Android Studio1\jre\bin\server;C:\Users\chamsoclaptop.vn\.gradle\native\e1d6ef7f7dcc3fd88c89a11ec53ec762bb8ba0a96d01ffa2cd45eb1d1d8dd5c5\windows-amd64;C:\Users\chamsoclaptop.vn\.gradle\native\5664cfc778a61ccfe75a443a1ab52a65af34e5dc3c78e0209fed803814484fcb\windows-amd64

VM Arguments:
jvm_args: -XX:MaxMetaspaceSize=512m --add-opens=java.base/java.util=ALL-UNNAMED --add-opens=java.base/java.lang=ALL-UNNAMED --add-opens=java.base/java.lang.invoke=ALL-UNNAMED --add-opens=java.base/java.util=ALL-UNNAMED --add-opens=java.prefs/java.util.prefs=ALL-UNNAMED --add-opens=java.prefs/java.util.prefs=ALL-UNNAMED --add-opens=java.base/java.nio.charset=ALL-UNNAMED --add-opens=java.base/java.net=ALL-UNNAMED --add-opens=java.base/java.util.concurrent.atomic=ALL-UNNAMED -Xmx2048m -Dfile.encoding=windows-1252 -Duser.country=US -Duser.language=en -Duser.variant 
java_command: org.gradle.launcher.daemon.bootstrap.GradleDaemon 7.3.3
java_class_path (initial): C:\Users\chamsoclaptop.vn\.gradle\wrapper\dists\gradle-7.3.3-all\4295vidhdd9hd3gbjyw1xqxpo\gradle-7.3.3\lib\gradle-launcher-7.3.3.jar
Launcher Type: SUN_STANDARD

[Global flags]
     intx CICompilerCount                          = 3                                         {product} {ergonomic}
   size_t CompressedClassSpaceSize                 = 528482304                                 {product} {ergonomic}
     uint ConcGCThreads                            = 1                                         {product} {ergonomic}
     uint G1ConcRefinementThreads                  = 4                                         {product} {ergonomic}
   size_t G1HeapRegionSize                         = 1048576                                   {product} {ergonomic}
    uintx GCDrainStackTargetSize                   = 64                                        {product} {ergonomic}
   size_t InitialHeapSize                          = 134217728                                 {product} {ergonomic}
   size_t MarkStackSize                            = 4194304                                   {product} {ergonomic}
   size_t MaxHeapSize                              = 2147483648                                {product} {command line}
   size_t MaxMetaspaceSize                         = 536870912                                 {product} {command line}
   size_t MaxNewSize                               = 1287651328                                {product} {ergonomic}
   size_t MinHeapDeltaBytes                        = 1048576                                   {product} {ergonomic}
    uintx NonNMethodCodeHeapSize                   = 5830732                                {pd product} {ergonomic}
    uintx NonProfiledCodeHeapSize                  = 122913754                              {pd product} {ergonomic}
    uintx ProfiledCodeHeapSize                     = 122913754                              {pd product} {ergonomic}
    uintx ReservedCodeCacheSize                    = 251658240                              {pd product} {ergonomic}
     bool SegmentedCodeCache                       = true                                      {product} {ergonomic}
     bool UseCompressedClassPointers               = true                                 {lp64_product} {ergonomic}
     bool UseCompressedOops                        = true                                 {lp64_product} {ergonomic}
     bool UseG1GC                                  = true                                      {product} {ergonomic}
     bool UseLargePagesIndividualAllocation        = false                                  {pd product} {ergonomic}

Logging:
Log output configuration:
 #0: stdout all=warning uptime,level,tags
 #1: stderr all=off uptime,level,tags

Environment Variables:
JAVA_HOME=C:\Program Files\OpenJDK\openjdk-11.0.13_8
PATH=C:\Program Files\Common Files\Oracle\Java\javapath;C:\WINDOWS\system32;C:\WINDOWS;C:\WINDOWS\System32\Wbem;C:\WINDOWS\System32\WindowsPowerShell\v1.0\;C:\WINDOWS\System32\OpenSSH\;C:\Program Files\Git\cmd;C:\ProgramData\chocolatey\bin;C:\Program Files\nodejs\;C:\Program Files\OpenJDK\openjdk-11.0.13_8\bin;C:\Users\chamsoclaptop.vn\AppData\Local\Android\Sdk\platform-tools;C:\Users\chamsoclaptop.vn\AppData\Local\Microsoft\WindowsApps;C:\Users\chamsoclaptop.vn\AppData\Local\Programs\Microsoft VS Code\bin;C:\Users\chamsoclaptop.vn\AppData\Roaming\npm;C:\Users\chamsoclaptop.vn\AppData\Local\Android\Sdk\platform-tools;
USERNAME=chamsoclaptop.vn
OS=Windows_NT
PROCESSOR_IDENTIFIER=Intel64 Family 6 Model 78 Stepping 3, GenuineIntel



---------------  S Y S T E M  ---------------

OS: Windows 10 , 64 bit Build 19041 (10.0.19041.1706)
OS uptime: 1 days 2:59 hours

CPU:total 4 (initial active 4) (2 cores per cpu, 2 threads per core) family 6 model 78 stepping 3 microcode 0xcc, cmov, cx8, fxsr, mmx, sse, sse2, sse3, ssse3, sse4.1, sse4.2, popcnt, avx, avx2, aes, clmul, erms, rtm, 3dnowpref, lzcnt, ht, tsc, tscinvbit, bmi1, bmi2, adx, fma

Memory: 4k page, system-wide physical 8076M (256M free)
TotalPageFile size 17715M (AvailPageFile size 2M)
current process WorkingSet (physical memory assigned to process): 401M, peak: 426M
current process commit charge ("private bytes"): 537M, peak: 538M

vm_info: OpenJDK 64-Bit Server VM (11.0.10+0-b96-7249189) for windows-amd64 JRE (11.0.10+0-b96-7249189), built on Mar 31 2021 21:44:00 by "builder" with MS VC++ 14.0 (VS2015)

END.
